#
# There is insufficient memory for the Java Runtime Environment to continue.
# Native memory allocation (malloc) failed to allocate 1277616 bytes for Chunk::new
# Possible reasons:
#   The system is out of physical RAM or swap space
#   The process is running with CompressedOops enabled, and the Java Heap may be blocking the growth of the native heap
# Possible solutions:
#   Reduce memory load on the system
#   Increase physical memory or swap space
#   Check if swap backing store is full
#   Decrease Java heap size (-Xmx/-Xms)
#   Decrease number of Java threads
#   Decrease Java thread stack sizes (-Xss)
#   Set larger code cache with -XX:ReservedCodeCacheSize=
#   JVM is running with Unscaled Compressed Oops mode in which the Java heap is
#     placed in the first 4GB address space. The Java Heap base address is the
#     maximum limit for the native heap growth. Please use -XX:HeapBaseMinAddress
#     to set the Java Heap base and to place the Java Heap above 4GB virtual address.
# This output file may be truncated or incomplete.
#
#  Out of Memory Error (./open/src/hotspot/share/memory/arena.cpp:197), pid=8752, tid=13128
#
# JRE version: Java(TM) SE Runtime Environment 18.9 (11.0.11+9) (build 11.0.11+9-LTS-194)
# Java VM: Java HotSpot(TM) 64-Bit Server VM 18.9 (11.0.11+9-LTS-194, mixed mode, tiered, compressed oops, g1 gc, windows-amd64)
# No core dump will be written. Minidumps are not enabled by default on client versions of Windows
#

---------------  S U M M A R Y ------------

Command Line: -Dclassworlds.conf=C:\opt\apache-maven-3.8.1\bin\..\bin\m2.conf -Dmaven.home=C:\opt\apache-maven-3.8.1\bin\.. -Dlibrary.jansi.path=C:\opt\apache-maven-3.8.1\bin\..\lib\jansi-native -Dmaven.multiModuleProjectDirectory=E:\Univeit\spring-boot-apps\KCM org.codehaus.plexus.classworlds.launcher.Launcher package

Host: Intel(R) Core(TM) i7-8565U CPU @ 1.80GHz, 8 cores, 7G,  Windows 10 , 64 bit Build 22000 (10.0.22000.282)
Time: Tue Nov  9 00:08:48 2021 E. Africa Standard Time elapsed time: 11.720062 seconds (0d 0h 0m 11s)

---------------  T H R E A D  ---------------

Current thread (0x00000200fb798000):  JavaThread "C2 CompilerThread0" daemon [_thread_in_native, id=13128, stack(0x000000f747600000,0x000000f747700000)]


Current CompileTask:
C2:  11720 7857   !   4       jdk.internal.loader.BuiltinClassLoader::loadClassOrNull (143 bytes)

Stack: [0x000000f747600000,0x000000f747700000]
Native frames: (J=compiled Java code, j=interpreted, Vv=VM code, C=native code)
V  [jvm.dll+0x616f2a]
V  [jvm.dll+0x74de7f]
V  [jvm.dll+0x74f505]
V  [jvm.dll+0x74fb83]
V  [jvm.dll+0x2436d8]
V  [jvm.dll+0xba68c]
V  [jvm.dll+0xbad8c]
V  [jvm.dll+0x2b3ee4]
V  [jvm.dll+0x52c0f6]
V  [jvm.dll+0x20506d]
V  [jvm.dll+0x1ff0aa]
V  [jvm.dll+0x1fc10f]
V  [jvm.dll+0x17f0bc]
V  [jvm.dll+0x20b68c]
V  [jvm.dll+0x20978b]
V  [jvm.dll+0x7152c9]
V  [jvm.dll+0x70dfc4]
V  [jvm.dll+0x6160f6]
C  [ucrtbase.dll+0x26c0c]
C  [KERNEL32.DLL+0x154e0]
C  [ntdll.dll+0x485b]


---------------  P R O C E S S  ---------------

Threads class SMR info:
_java_thread_list=0x0000020080e37150, length=22, elements={
0x00000200dca5c800, 0x00000200fb776000, 0x00000200fb77f800, 0x00000200fb791800,
0x00000200fb796000, 0x00000200fb798000, 0x00000200fb79b000, 0x00000200fb79c800,
0x00000200fc28a000, 0x00000200fc295000, 0x00000200809a5800, 0x0000020080dd9800,
0x00000200ff8d2000, 0x0000020083154800, 0x0000020081c38000, 0x0000020081c34000,
0x0000020081c33800, 0x0000020081c35000, 0x0000020081c36000, 0x0000020081c36800,
0x0000020081c37800, 0x0000020081c32800
}

Java Threads: ( => current thread )
  0x00000200dca5c800 JavaThread "main" [_thread_in_native, id=12952, stack(0x000000f746b00000,0x000000f746c00000)]
  0x00000200fb776000 JavaThread "Reference Handler" daemon [_thread_blocked, id=11916, stack(0x000000f747200000,0x000000f747300000)]
  0x00000200fb77f800 JavaThread "Finalizer" daemon [_thread_blocked, id=8048, stack(0x000000f747300000,0x000000f747400000)]
  0x00000200fb791800 JavaThread "Signal Dispatcher" daemon [_thread_blocked, id=7784, stack(0x000000f747400000,0x000000f747500000)]
  0x00000200fb796000 JavaThread "Attach Listener" daemon [_thread_blocked, id=7708, stack(0x000000f747500000,0x000000f747600000)]
=>0x00000200fb798000 JavaThread "C2 CompilerThread0" daemon [_thread_in_native, id=13128, stack(0x000000f747600000,0x000000f747700000)]
  0x00000200fb79b000 JavaThread "C1 CompilerThread0" daemon [_thread_blocked, id=3024, stack(0x000000f747700000,0x000000f747800000)]
  0x00000200fb79c800 JavaThread "Sweeper thread" daemon [_thread_blocked, id=7080, stack(0x000000f747800000,0x000000f747900000)]
  0x00000200fc28a000 JavaThread "Service Thread" daemon [_thread_blocked, id=4624, stack(0x000000f747900000,0x000000f747a00000)]
  0x00000200fc295000 JavaThread "Common-Cleaner" daemon [_thread_blocked, id=10488, stack(0x000000f747b00000,0x000000f747c00000)]
  0x00000200809a5800 JavaThread "C2 CompilerThread1" daemon [_thread_blocked, id=11436, stack(0x000000f747d00000,0x000000f747e00000)]
  0x0000020080dd9800 JavaThread "resolver-1" daemon [_thread_blocked, id=9328, stack(0x000000f748300000,0x000000f748400000)]
  0x00000200ff8d2000 JavaThread "resolver-2" daemon [_thread_blocked, id=4444, stack(0x000000f748400000,0x000000f748500000)]
  0x0000020083154800 JavaThread "resolver-3" daemon [_thread_blocked, id=3508, stack(0x000000f748500000,0x000000f748600000)]
  0x0000020081c38000 JavaThread "resolver-4" daemon [_thread_blocked, id=1120, stack(0x000000f748600000,0x000000f748700000)]
  0x0000020081c34000 JavaThread "resolver-5" daemon [_thread_blocked, id=6560, stack(0x000000f748700000,0x000000f748800000)]
  0x0000020081c33800 JavaThread "timeout-check-timer" daemon [_thread_blocked, id=7480, stack(0x000000f748800000,0x000000f748900000)]
  0x0000020081c35000 JavaThread "ping-timer-10s" daemon [_thread_blocked, id=11580, stack(0x000000f748900000,0x000000f748a00000)]
  0x0000020081c36000 JavaThread "ThreadedStreamConsumer" daemon [_thread_blocked, id=8216, stack(0x000000f748a00000,0x000000f748b00000)]
  0x0000020081c36800 JavaThread "Thread-2" [_thread_blocked, id=12068, stack(0x000000f748b00000,0x000000f748c00000)]
  0x0000020081c37800 JavaThread "Thread-3" [_thread_in_native, id=8888, stack(0x000000f748c00000,0x000000f748d00000)]
  0x0000020081c32800 JavaThread "Thread-4" [_thread_in_native, id=5748, stack(0x000000f748d00000,0x000000f748e00000)]

Other Threads:
  0x00000200fb753000 VMThread "VM Thread" [stack: 0x000000f747100000,0x000000f747200000] [id=7920]
  0x00000200fc292800 WatcherThread [stack: 0x000000f747a00000,0x000000f747b00000] [id=6424]
  0x00000200dca70800 GCTaskThread "GC Thread#0" [stack: 0x000000f746c00000,0x000000f746d00000] [id=6068]
  0x00000200fd123000 GCTaskThread "GC Thread#1" [stack: 0x000000f747e00000,0x000000f747f00000] [id=11764]
  0x00000200fccc8800 GCTaskThread "GC Thread#2" [stack: 0x000000f747f00000,0x000000f748000000] [id=12892]
  0x00000200fc4cd800 GCTaskThread "GC Thread#3" [stack: 0x000000f747c00000,0x000000f747d00000] [id=7632]
  0x00000200dca9f800 ConcurrentGCThread "G1 Main Marker" [stack: 0x000000f746d00000,0x000000f746e00000] [id=11620]
  0x00000200dcaa2800 ConcurrentGCThread "G1 Conc#0" [stack: 0x000000f746e00000,0x000000f746f00000] [id=7076]
  0x00000200fdc0d000 ConcurrentGCThread "G1 Conc#1" [stack: 0x000000f748000000,0x000000f748100000] [id=8240]
  0x00000200dcb38800 ConcurrentGCThread "G1 Refine#0" [stack: 0x000000f746f00000,0x000000f747000000] [id=3468]
  0x000002008199c800 ConcurrentGCThread "G1 Refine#1" [stack: 0x000000f748100000,0x000000f748200000] [id=1444]
  0x00000200fb5c0800 ConcurrentGCThread "G1 Young RemSet Sampling" [stack: 0x000000f747000000,0x000000f747100000] [id=8976]

Threads with active compile tasks:
C2 CompilerThread0  11730 7857   !   4       jdk.internal.loader.BuiltinClassLoader::loadClassOrNull (143 bytes)

VM state:not at safepoint (normal execution)

VM Mutex/Monitor currently owned by a thread: None

Heap address: 0x0000000082000000, size: 2016 MB, Compressed Oops mode: 32-bit
Narrow klass base: 0x0000000000000000, Narrow klass shift: 3
Compressed class space size: 1073741824 Address: 0x0000000100000000

Heap:
 garbage-first heap   total 195584K, used 79861K [0x0000000082000000, 0x0000000100000000)
  region size 1024K, 13 young (13312K), 3 survivors (3072K)
 Metaspace       used 39723K, capacity 40665K, committed 40752K, reserved 1085440K
  class space    used 4087K, capacity 4437K, committed 4480K, reserved 1048576K
Heap Regions: E=young(eden), S=young(survivor), O=old, HS=humongous(starts), HC=humongous(continues), CS=collection set, F=free, A=archive, TAMS=top-at-mark-start (previous, next)
|   0|0x0000000082000000, 0x0000000082100000, 0x0000000082100000|100%| O|  |TAMS 0x0000000082100000, 0x0000000082000000| Untracked 
|   1|0x0000000082100000, 0x0000000082200000, 0x0000000082200000|100%| O|  |TAMS 0x0000000082200000, 0x0000000082100000| Untracked 
|   2|0x0000000082200000, 0x0000000082300000, 0x0000000082300000|100%| O|  |TAMS 0x0000000082300000, 0x0000000082200000| Untracked 
|   3|0x0000000082300000, 0x0000000082400000, 0x0000000082400000|100%| O|  |TAMS 0x0000000082400000, 0x0000000082300000| Untracked 
|   4|0x0000000082400000, 0x0000000082500000, 0x0000000082500000|100%| O|  |TAMS 0x0000000082500000, 0x0000000082400000| Untracked 
|   5|0x0000000082500000, 0x0000000082600000, 0x0000000082600000|100%| O|  |TAMS 0x0000000082600000, 0x0000000082500000| Untracked 
|   6|0x0000000082600000, 0x0000000082700000, 0x0000000082700000|100%| O|  |TAMS 0x0000000082700000, 0x0000000082600000| Untracked 
|   7|0x0000000082700000, 0x0000000082800000, 0x0000000082800000|100%| O|  |TAMS 0x0000000082800000, 0x0000000082700000| Untracked 
|   8|0x0000000082800000, 0x0000000082900000, 0x0000000082900000|100%| O|  |TAMS 0x0000000082900000, 0x0000000082800000| Untracked 
|   9|0x0000000082900000, 0x0000000082a00000, 0x0000000082a00000|100%| O|  |TAMS 0x0000000082a00000, 0x0000000082900000| Untracked 
|  10|0x0000000082a00000, 0x0000000082b00000, 0x0000000082b00000|100%| O|  |TAMS 0x0000000082b00000, 0x0000000082a00000| Untracked 
|  11|0x0000000082b00000, 0x0000000082c00000, 0x0000000082c00000|100%| O|  |TAMS 0x0000000082c00000, 0x0000000082b00000| Untracked 
|  12|0x0000000082c00000, 0x0000000082d00000, 0x0000000082d00000|100%| O|  |TAMS 0x0000000082d00000, 0x0000000082c00000| Untracked 
|  13|0x0000000082d00000, 0x0000000082e00000, 0x0000000082e00000|100%| O|  |TAMS 0x0000000082e00000, 0x0000000082d00000| Untracked 
|  14|0x0000000082e00000, 0x0000000082f00000, 0x0000000082f00000|100%| O|  |TAMS 0x0000000082f00000, 0x0000000082e00000| Untracked 
|  15|0x0000000082f00000, 0x0000000083000000, 0x0000000083000000|100%| O|  |TAMS 0x0000000083000000, 0x0000000082f00000| Untracked 
|  16|0x0000000083000000, 0x0000000083100000, 0x0000000083100000|100%| O|  |TAMS 0x0000000083100000, 0x0000000083000000| Untracked 
|  17|0x0000000083100000, 0x0000000083200000, 0x0000000083200000|100%| O|  |TAMS 0x0000000083200000, 0x0000000083100000| Untracked 
|  18|0x0000000083200000, 0x0000000083300000, 0x0000000083300000|100%| O|  |TAMS 0x0000000083300000, 0x0000000083200000| Untracked 
|  19|0x0000000083300000, 0x0000000083400000, 0x0000000083400000|100%| O|  |TAMS 0x0000000083400000, 0x0000000083300000| Untracked 
|  20|0x0000000083400000, 0x0000000083500000, 0x0000000083500000|100%| O|  |TAMS 0x0000000083500000, 0x0000000083400000| Untracked 
|  21|0x0000000083500000, 0x0000000083600000, 0x0000000083600000|100%| O|  |TAMS 0x0000000083600000, 0x0000000083500000| Untracked 
|  22|0x0000000083600000, 0x0000000083700000, 0x0000000083700000|100%|HS|  |TAMS 0x0000000083600000, 0x0000000083600000| Complete 
|  23|0x0000000083700000, 0x0000000083800000, 0x0000000083800000|100%|HS|  |TAMS 0x0000000083800000, 0x0000000083700000| Complete 
|  24|0x0000000083800000, 0x0000000083900000, 0x0000000083900000|100%| O|  |TAMS 0x0000000083900000, 0x0000000083800000| Untracked 
|  25|0x0000000083900000, 0x0000000083a00000, 0x0000000083a00000|100%| O|  |TAMS 0x0000000083a00000, 0x0000000083900000| Untracked 
|  26|0x0000000083a00000, 0x0000000083b00000, 0x0000000083b00000|100%| O|  |TAMS 0x0000000083b00000, 0x0000000083a00000| Untracked 
|  27|0x0000000083b00000, 0x0000000083c00000, 0x0000000083c00000|100%| O|  |TAMS 0x0000000083c00000, 0x0000000083b00000| Untracked 
|  28|0x0000000083c00000, 0x0000000083d00000, 0x0000000083d00000|100%| O|  |TAMS 0x0000000083d00000, 0x0000000083c00000| Untracked 
|  29|0x0000000083d00000, 0x0000000083e00000, 0x0000000083e00000|100%| O|  |TAMS 0x0000000083e00000, 0x0000000083d00000| Untracked 
|  30|0x0000000083e00000, 0x0000000083f00000, 0x0000000083f00000|100%| O|  |TAMS 0x0000000083f00000, 0x0000000083e00000| Untracked 
|  31|0x0000000083f00000, 0x0000000084000000, 0x0000000084000000|100%| O|  |TAMS 0x0000000084000000, 0x0000000083f00000| Untracked 
|  32|0x0000000084000000, 0x0000000084100000, 0x0000000084100000|100%| O|  |TAMS 0x0000000084100000, 0x0000000084000000| Untracked 
|  33|0x0000000084100000, 0x0000000084200000, 0x0000000084200000|100%| O|  |TAMS 0x0000000084200000, 0x0000000084100000| Untracked 
|  34|0x0000000084200000, 0x0000000084300000, 0x0000000084300000|100%| O|  |TAMS 0x0000000084300000, 0x0000000084200000| Untracked 
|  35|0x0000000084300000, 0x0000000084400000, 0x0000000084400000|100%| O|  |TAMS 0x0000000084400000, 0x0000000084300000| Untracked 
|  36|0x0000000084400000, 0x0000000084500000, 0x0000000084500000|100%|HS|  |TAMS 0x0000000084500000, 0x0000000084400000| Complete 
|  37|0x0000000084500000, 0x0000000084600000, 0x0000000084600000|100%| O|  |TAMS 0x0000000084600000, 0x0000000084500000| Untracked 
|  38|0x0000000084600000, 0x0000000084700000, 0x0000000084700000|100%| O|  |TAMS 0x0000000084700000, 0x0000000084600000| Untracked 
|  39|0x0000000084700000, 0x0000000084800000, 0x0000000084800000|100%| O|  |TAMS 0x0000000084800000, 0x0000000084700000| Untracked 
|  40|0x0000000084800000, 0x0000000084900000, 0x0000000084900000|100%| O|  |TAMS 0x0000000084900000, 0x0000000084800000| Untracked 
|  41|0x0000000084900000, 0x0000000084a00000, 0x0000000084a00000|100%| O|  |TAMS 0x0000000084a00000, 0x0000000084900000| Untracked 
|  42|0x0000000084a00000, 0x0000000084b00000, 0x0000000084b00000|100%| O|  |TAMS 0x0000000084b00000, 0x0000000084a00000| Untracked 
|  43|0x0000000084b00000, 0x0000000084c00000, 0x0000000084c00000|100%| O|  |TAMS 0x0000000084c00000, 0x0000000084b00000| Untracked 
|  44|0x0000000084c00000, 0x0000000084d00000, 0x0000000084d00000|100%| O|  |TAMS 0x0000000084d00000, 0x0000000084c00000| Untracked 
|  45|0x0000000084d00000, 0x0000000084e00000, 0x0000000084e00000|100%| O|  |TAMS 0x0000000084e00000, 0x0000000084d00000| Untracked 
|  46|0x0000000084e00000, 0x0000000084f00000, 0x0000000084f00000|100%| O|  |TAMS 0x0000000084f00000, 0x0000000084e00000| Untracked 
|  47|0x0000000084f00000, 0x0000000085000000, 0x0000000085000000|100%| O|  |TAMS 0x0000000085000000, 0x0000000084f00000| Untracked 
|  48|0x0000000085000000, 0x0000000085100000, 0x0000000085100000|100%| O|  |TAMS 0x0000000085080000, 0x0000000085000000| Untracked 
|  49|0x0000000085100000, 0x0000000085200000, 0x0000000085200000|100%| O|  |TAMS 0x0000000085100000, 0x0000000085100000| Untracked 
|  50|0x0000000085200000, 0x0000000085200000, 0x0000000085300000|  0%| F|  |TAMS 0x0000000085200000, 0x0000000085200000| Untracked 
|  51|0x0000000085300000, 0x0000000085400000, 0x0000000085400000|100%| O|  |TAMS 0x0000000085300000, 0x0000000085300000| Untracked 
|  52|0x0000000085400000, 0x0000000085500000, 0x0000000085500000|100%| O|  |TAMS 0x0000000085400000, 0x0000000085400000| Untracked 
|  53|0x0000000085500000, 0x0000000085600000, 0x0000000085600000|100%| O|  |TAMS 0x0000000085500000, 0x0000000085500000| Untracked 
|  54|0x0000000085600000, 0x0000000085700000, 0x0000000085700000|100%| O|  |TAMS 0x0000000085600000, 0x0000000085600000| Untracked 
|  55|0x0000000085700000, 0x0000000085800000, 0x0000000085800000|100%| O|  |TAMS 0x0000000085700000, 0x0000000085700000| Untracked 
|  56|0x0000000085800000, 0x0000000085900000, 0x0000000085900000|100%| O|  |TAMS 0x0000000085800000, 0x0000000085800000| Untracked 
|  57|0x0000000085900000, 0x0000000085a00000, 0x0000000085a00000|100%| O|  |TAMS 0x0000000085900000, 0x0000000085900000| Untracked 
|  58|0x0000000085a00000, 0x0000000085b00000, 0x0000000085b00000|100%| O|  |TAMS 0x0000000085a00000, 0x0000000085a00000| Untracked 
|  59|0x0000000085b00000, 0x0000000085c00000, 0x0000000085c00000|100%| O|  |TAMS 0x0000000085b00000, 0x0000000085b00000| Untracked 
|  60|0x0000000085c00000, 0x0000000085d00000, 0x0000000085d00000|100%| O|  |TAMS 0x0000000085c00000, 0x0000000085c00000| Untracked 
|  61|0x0000000085d00000, 0x0000000085e00000, 0x0000000085e00000|100%| O|  |TAMS 0x0000000085d00000, 0x0000000085d00000| Untracked 
|  62|0x0000000085e00000, 0x0000000085f00000, 0x0000000085f00000|100%| O|  |TAMS 0x0000000085e00000, 0x0000000085e00000| Untracked 
|  63|0x0000000085f00000, 0x0000000086000000, 0x0000000086000000|100%| O|  |TAMS 0x0000000085f00000, 0x0000000085f00000| Untracked 
|  64|0x0000000086000000, 0x0000000086100000, 0x0000000086100000|100%| O|  |TAMS 0x0000000086000000, 0x0000000086000000| Untracked 
|  65|0x0000000086100000, 0x0000000086200000, 0x0000000086200000|100%| O|  |TAMS 0x0000000086100000, 0x0000000086100000| Untracked 
|  66|0x0000000086200000, 0x0000000086300000, 0x0000000086300000|100%| O|  |TAMS 0x0000000086200000, 0x0000000086200000| Untracked 
|  67|0x0000000086300000, 0x0000000086400000, 0x0000000086400000|100%| O|  |TAMS 0x0000000086300000, 0x0000000086300000| Untracked 
|  68|0x0000000086400000, 0x000000008649a800, 0x0000000086500000| 60%| O|  |TAMS 0x0000000086400000, 0x0000000086400000| Untracked 
|  69|0x0000000086500000, 0x0000000086500000, 0x0000000086600000|  0%| F|  |TAMS 0x0000000086500000, 0x0000000086500000| Untracked 
|  70|0x0000000086600000, 0x0000000086600000, 0x0000000086700000|  0%| F|  |TAMS 0x0000000086600000, 0x0000000086600000| Untracked 
|  71|0x0000000086700000, 0x0000000086700000, 0x0000000086800000|  0%| F|  |TAMS 0x0000000086700000, 0x0000000086700000| Untracked 
|  72|0x0000000086800000, 0x0000000086800000, 0x0000000086900000|  0%| F|  |TAMS 0x0000000086800000, 0x0000000086800000| Untracked 
|  73|0x0000000086900000, 0x0000000086900000, 0x0000000086a00000|  0%| F|  |TAMS 0x0000000086900000, 0x0000000086900000| Untracked 
|  74|0x0000000086a00000, 0x0000000086a00000, 0x0000000086b00000|  0%| F|  |TAMS 0x0000000086a00000, 0x0000000086a00000| Untracked 
|  75|0x0000000086b00000, 0x0000000086b00000, 0x0000000086c00000|  0%| F|  |TAMS 0x0000000086b00000, 0x0000000086b00000| Untracked 
|  76|0x0000000086c00000, 0x0000000086c00000, 0x0000000086d00000|  0%| F|  |TAMS 0x0000000086c00000, 0x0000000086c00000| Untracked 
|  77|0x0000000086d00000, 0x0000000086d00000, 0x0000000086e00000|  0%| F|  |TAMS 0x0000000086d00000, 0x0000000086d00000| Untracked 
|  78|0x0000000086e00000, 0x0000000086e00000, 0x0000000086f00000|  0%| F|  |TAMS 0x0000000086e00000, 0x0000000086e00000| Untracked 
|  79|0x0000000086f00000, 0x0000000086f00000, 0x0000000087000000|  0%| F|  |TAMS 0x0000000086f00000, 0x0000000086f00000| Untracked 
|  80|0x0000000087000000, 0x0000000087000000, 0x0000000087100000|  0%| F|  |TAMS 0x0000000087000000, 0x0000000087000000| Untracked 
|  81|0x0000000087100000, 0x0000000087100000, 0x0000000087200000|  0%| F|  |TAMS 0x0000000087100000, 0x0000000087100000| Untracked 
|  82|0x0000000087200000, 0x0000000087200000, 0x0000000087300000|  0%| F|  |TAMS 0x0000000087200000, 0x0000000087200000| Untracked 
|  83|0x0000000087300000, 0x0000000087300000, 0x0000000087400000|  0%| F|  |TAMS 0x0000000087300000, 0x0000000087300000| Untracked 
|  84|0x0000000087400000, 0x0000000087400000, 0x0000000087500000|  0%| F|  |TAMS 0x0000000087400000, 0x0000000087400000| Untracked 
|  85|0x0000000087500000, 0x0000000087500000, 0x0000000087600000|  0%| F|  |TAMS 0x0000000087500000, 0x0000000087500000| Untracked 
|  86|0x0000000087600000, 0x0000000087600000, 0x0000000087700000|  0%| F|  |TAMS 0x0000000087600000, 0x0000000087600000| Untracked 
|  87|0x0000000087700000, 0x0000000087700000, 0x0000000087800000|  0%| F|  |TAMS 0x0000000087700000, 0x0000000087700000| Untracked 
|  88|0x0000000087800000, 0x0000000087800000, 0x0000000087900000|  0%| F|  |TAMS 0x0000000087800000, 0x0000000087800000| Untracked 
|  89|0x0000000087900000, 0x0000000087900000, 0x0000000087a00000|  0%| F|  |TAMS 0x0000000087900000, 0x0000000087900000| Untracked 
|  90|0x0000000087a00000, 0x0000000087a00000, 0x0000000087b00000|  0%| F|  |TAMS 0x0000000087a00000, 0x0000000087a00000| Untracked 
|  91|0x0000000087b00000, 0x0000000087b00000, 0x0000000087c00000|  0%| F|  |TAMS 0x0000000087b00000, 0x0000000087b00000| Untracked 
|  92|0x0000000087c00000, 0x0000000087c00000, 0x0000000087d00000|  0%| F|  |TAMS 0x0000000087c00000, 0x0000000087c00000| Untracked 
|  93|0x0000000087d00000, 0x0000000087d00000, 0x0000000087e00000|  0%| F|  |TAMS 0x0000000087d00000, 0x0000000087d00000| Untracked 
|  94|0x0000000087e00000, 0x0000000087e00000, 0x0000000087f00000|  0%| F|  |TAMS 0x0000000087e00000, 0x0000000087e00000| Untracked 
|  95|0x0000000087f00000, 0x0000000087f00000, 0x0000000088000000|  0%| F|  |TAMS 0x0000000087f00000, 0x0000000087f00000| Untracked 
|  96|0x0000000088000000, 0x0000000088000000, 0x0000000088100000|  0%| F|  |TAMS 0x0000000088000000, 0x0000000088000000| Untracked 
|  97|0x0000000088100000, 0x0000000088100000, 0x0000000088200000|  0%| F|  |TAMS 0x0000000088100000, 0x0000000088100000| Untracked 
|  98|0x0000000088200000, 0x0000000088200000, 0x0000000088300000|  0%| F|  |TAMS 0x0000000088200000, 0x0000000088200000| Untracked 
|  99|0x0000000088300000, 0x0000000088300000, 0x0000000088400000|  0%| F|  |TAMS 0x0000000088300000, 0x0000000088300000| Untracked 
| 100|0x0000000088400000, 0x0000000088400000, 0x0000000088500000|  0%| F|  |TAMS 0x0000000088400000, 0x0000000088400000| Untracked 
| 101|0x0000000088500000, 0x0000000088500000, 0x0000000088600000|  0%| F|  |TAMS 0x0000000088500000, 0x0000000088500000| Untracked 
| 102|0x0000000088600000, 0x0000000088600000, 0x0000000088700000|  0%| F|  |TAMS 0x0000000088600000, 0x0000000088600000| Untracked 
| 103|0x0000000088700000, 0x0000000088700000, 0x0000000088800000|  0%| F|  |TAMS 0x0000000088700000, 0x0000000088700000| Untracked 
| 104|0x0000000088800000, 0x0000000088800000, 0x0000000088900000|  0%| F|  |TAMS 0x0000000088800000, 0x0000000088800000| Untracked 
| 105|0x0000000088900000, 0x0000000088900000, 0x0000000088a00000|  0%| F|  |TAMS 0x0000000088900000, 0x0000000088900000| Untracked 
| 106|0x0000000088a00000, 0x0000000088a00000, 0x0000000088b00000|  0%| F|  |TAMS 0x0000000088a00000, 0x0000000088a00000| Untracked 
| 107|0x0000000088b00000, 0x0000000088b00000, 0x0000000088c00000|  0%| F|  |TAMS 0x0000000088b00000, 0x0000000088b00000| Untracked 
| 108|0x0000000088c00000, 0x0000000088c00000, 0x0000000088d00000|  0%| F|  |TAMS 0x0000000088c00000, 0x0000000088c00000| Untracked 
| 109|0x0000000088d00000, 0x0000000088d00000, 0x0000000088e00000|  0%| F|  |TAMS 0x0000000088d00000, 0x0000000088d00000| Untracked 
| 110|0x0000000088e00000, 0x0000000088e00000, 0x0000000088f00000|  0%| F|  |TAMS 0x0000000088e00000, 0x0000000088e00000| Untracked 
| 111|0x0000000088f00000, 0x0000000088f00000, 0x0000000089000000|  0%| F|  |TAMS 0x0000000088f00000, 0x0000000088f00000| Untracked 
| 112|0x0000000089000000, 0x0000000089000000, 0x0000000089100000|  0%| F|  |TAMS 0x0000000089000000, 0x0000000089000000| Untracked 
| 113|0x0000000089100000, 0x0000000089100000, 0x0000000089200000|  0%| F|  |TAMS 0x0000000089100000, 0x0000000089100000| Untracked 
| 114|0x0000000089200000, 0x0000000089200000, 0x0000000089300000|  0%| F|  |TAMS 0x0000000089200000, 0x0000000089200000| Untracked 
| 115|0x0000000089300000, 0x0000000089300000, 0x0000000089400000|  0%| F|  |TAMS 0x0000000089300000, 0x0000000089300000| Untracked 
| 116|0x0000000089400000, 0x0000000089400000, 0x0000000089500000|  0%| F|  |TAMS 0x0000000089400000, 0x0000000089400000| Untracked 
| 117|0x0000000089500000, 0x0000000089500000, 0x0000000089600000|  0%| F|  |TAMS 0x0000000089500000, 0x0000000089500000| Untracked 
| 118|0x0000000089600000, 0x0000000089600000, 0x0000000089700000|  0%| F|  |TAMS 0x0000000089600000, 0x0000000089600000| Untracked 
| 119|0x0000000089700000, 0x0000000089700000, 0x0000000089800000|  0%| F|  |TAMS 0x0000000089700000, 0x0000000089700000| Untracked 
| 120|0x0000000089800000, 0x0000000089800000, 0x0000000089900000|  0%| F|  |TAMS 0x0000000089800000, 0x0000000089800000| Untracked 
| 121|0x0000000089900000, 0x0000000089962e10, 0x0000000089a00000| 38%| S|CS|TAMS 0x0000000089900000, 0x0000000089900000| Complete 
| 122|0x0000000089a00000, 0x0000000089b00000, 0x0000000089b00000|100%| S|CS|TAMS 0x0000000089a00000, 0x0000000089a00000| Complete 
| 123|0x0000000089b00000, 0x0000000089c00000, 0x0000000089c00000|100%| S|CS|TAMS 0x0000000089b00000, 0x0000000089b00000| Complete 
| 124|0x0000000089c00000, 0x0000000089c00000, 0x0000000089d00000|  0%| F|  |TAMS 0x0000000089c00000, 0x0000000089c00000| Untracked 
| 125|0x0000000089d00000, 0x0000000089d00000, 0x0000000089e00000|  0%| F|  |TAMS 0x0000000089d00000, 0x0000000089d00000| Untracked 
| 126|0x0000000089e00000, 0x0000000089e00000, 0x0000000089f00000|  0%| F|  |TAMS 0x0000000089e00000, 0x0000000089e00000| Untracked 
| 127|0x0000000089f00000, 0x0000000089f00000, 0x000000008a000000|  0%| F|  |TAMS 0x0000000089f00000, 0x0000000089f00000| Untracked 
| 128|0x000000008a000000, 0x000000008a000000, 0x000000008a100000|  0%| F|  |TAMS 0x000000008a000000, 0x000000008a000000| Untracked 
| 129|0x000000008a100000, 0x000000008a100000, 0x000000008a200000|  0%| F|  |TAMS 0x000000008a100000, 0x000000008a100000| Untracked 
| 130|0x000000008a200000, 0x000000008a200000, 0x000000008a300000|  0%| F|  |TAMS 0x000000008a200000, 0x000000008a200000| Untracked 
| 131|0x000000008a300000, 0x000000008a300000, 0x000000008a400000|  0%| F|  |TAMS 0x000000008a300000, 0x000000008a300000| Untracked 
| 132|0x000000008a400000, 0x000000008a400000, 0x000000008a500000|  0%| F|  |TAMS 0x000000008a400000, 0x000000008a400000| Untracked 
| 133|0x000000008a500000, 0x000000008a500000, 0x000000008a600000|  0%| F|  |TAMS 0x000000008a500000, 0x000000008a500000| Untracked 
| 134|0x000000008a600000, 0x000000008a600000, 0x000000008a700000|  0%| F|  |TAMS 0x000000008a600000, 0x000000008a600000| Untracked 
| 135|0x000000008a700000, 0x000000008a700000, 0x000000008a800000|  0%| F|  |TAMS 0x000000008a700000, 0x000000008a700000| Untracked 
| 136|0x000000008a800000, 0x000000008a800000, 0x000000008a900000|  0%| F|  |TAMS 0x000000008a800000, 0x000000008a800000| Untracked 
| 137|0x000000008a900000, 0x000000008a900000, 0x000000008aa00000|  0%| F|  |TAMS 0x000000008a900000, 0x000000008a900000| Untracked 
| 138|0x000000008aa00000, 0x000000008aa00000, 0x000000008ab00000|  0%| F|  |TAMS 0x000000008aa00000, 0x000000008aa00000| Untracked 
| 139|0x000000008ab00000, 0x000000008ab00000, 0x000000008ac00000|  0%| F|  |TAMS 0x000000008ab00000, 0x000000008ab00000| Untracked 
| 140|0x000000008ac00000, 0x000000008ac00000, 0x000000008ad00000|  0%| F|  |TAMS 0x000000008ac00000, 0x000000008ac00000| Untracked 
| 141|0x000000008ad00000, 0x000000008ad00000, 0x000000008ae00000|  0%| F|  |TAMS 0x000000008ad00000, 0x000000008ad00000| Untracked 
| 142|0x000000008ae00000, 0x000000008ae00000, 0x000000008af00000|  0%| F|  |TAMS 0x000000008ae00000, 0x000000008ae00000| Untracked 
| 143|0x000000008af00000, 0x000000008af00000, 0x000000008b000000|  0%| F|  |TAMS 0x000000008af00000, 0x000000008af00000| Untracked 
| 144|0x000000008b000000, 0x000000008b000000, 0x000000008b100000|  0%| F|  |TAMS 0x000000008b000000, 0x000000008b000000| Untracked 
| 145|0x000000008b100000, 0x000000008b100000, 0x000000008b200000|  0%| F|  |TAMS 0x000000008b100000, 0x000000008b100000| Untracked 
| 146|0x000000008b200000, 0x000000008b200000, 0x000000008b300000|  0%| F|  |TAMS 0x000000008b200000, 0x000000008b200000| Untracked 
| 147|0x000000008b300000, 0x000000008b300000, 0x000000008b400000|  0%| F|  |TAMS 0x000000008b300000, 0x000000008b300000| Untracked 
| 148|0x000000008b400000, 0x000000008b400000, 0x000000008b500000|  0%| F|  |TAMS 0x000000008b400000, 0x000000008b400000| Untracked 
| 149|0x000000008b500000, 0x000000008b500000, 0x000000008b600000|  0%| F|  |TAMS 0x000000008b500000, 0x000000008b500000| Untracked 
| 150|0x000000008b600000, 0x000000008b600000, 0x000000008b700000|  0%| F|  |TAMS 0x000000008b600000, 0x000000008b600000| Untracked 
| 151|0x000000008b700000, 0x000000008b700000, 0x000000008b800000|  0%| F|  |TAMS 0x000000008b700000, 0x000000008b700000| Untracked 
| 152|0x000000008b800000, 0x000000008b800000, 0x000000008b900000|  0%| F|  |TAMS 0x000000008b800000, 0x000000008b800000| Untracked 
| 153|0x000000008b900000, 0x000000008b900000, 0x000000008ba00000|  0%| F|  |TAMS 0x000000008b900000, 0x000000008b900000| Untracked 
| 154|0x000000008ba00000, 0x000000008ba00000, 0x000000008bb00000|  0%| F|  |TAMS 0x000000008ba00000, 0x000000008ba00000| Untracked 
| 155|0x000000008bb00000, 0x000000008bb00000, 0x000000008bc00000|  0%| F|  |TAMS 0x000000008bb00000, 0x000000008bb00000| Untracked 
| 156|0x000000008bc00000, 0x000000008bc00000, 0x000000008bd00000|  0%| F|  |TAMS 0x000000008bc00000, 0x000000008bc00000| Untracked 
| 157|0x000000008bd00000, 0x000000008bd00000, 0x000000008be00000|  0%| F|  |TAMS 0x000000008bd00000, 0x000000008bd00000| Untracked 
| 158|0x000000008be00000, 0x000000008be00000, 0x000000008bf00000|  0%| F|  |TAMS 0x000000008be00000, 0x000000008be00000| Untracked 
| 159|0x000000008bf00000, 0x000000008bf00000, 0x000000008c000000|  0%| F|  |TAMS 0x000000008bf00000, 0x000000008bf00000| Untracked 
| 160|0x000000008c000000, 0x000000008c000000, 0x000000008c100000|  0%| F|  |TAMS 0x000000008c000000, 0x000000008c000000| Untracked 
| 161|0x000000008c100000, 0x000000008c100000, 0x000000008c200000|  0%| F|  |TAMS 0x000000008c100000, 0x000000008c100000| Untracked 
| 162|0x000000008c200000, 0x000000008c200000, 0x000000008c300000|  0%| F|  |TAMS 0x000000008c200000, 0x000000008c200000| Untracked 
| 163|0x000000008c300000, 0x000000008c300000, 0x000000008c400000|  0%| F|  |TAMS 0x000000008c300000, 0x000000008c300000| Untracked 
| 164|0x000000008c400000, 0x000000008c400000, 0x000000008c500000|  0%| F|  |TAMS 0x000000008c400000, 0x000000008c400000| Untracked 
| 165|0x000000008c500000, 0x000000008c500000, 0x000000008c600000|  0%| F|  |TAMS 0x000000008c500000, 0x000000008c500000| Untracked 
| 166|0x000000008c600000, 0x000000008c600000, 0x000000008c700000|  0%| F|  |TAMS 0x000000008c600000, 0x000000008c600000| Untracked 
| 167|0x000000008c700000, 0x000000008c700000, 0x000000008c800000|  0%| F|  |TAMS 0x000000008c700000, 0x000000008c700000| Untracked 
| 168|0x000000008c800000, 0x000000008c800000, 0x000000008c900000|  0%| F|  |TAMS 0x000000008c800000, 0x000000008c800000| Untracked 
| 169|0x000000008c900000, 0x000000008c900000, 0x000000008ca00000|  0%| F|  |TAMS 0x000000008c900000, 0x000000008c900000| Untracked 
| 170|0x000000008ca00000, 0x000000008ca00000, 0x000000008cb00000|  0%| F|  |TAMS 0x000000008ca00000, 0x000000008ca00000| Untracked 
| 171|0x000000008cb00000, 0x000000008cb00000, 0x000000008cc00000|  0%| F|  |TAMS 0x000000008cb00000, 0x000000008cb00000| Untracked 
| 172|0x000000008cc00000, 0x000000008cc00000, 0x000000008cd00000|  0%| F|  |TAMS 0x000000008cc00000, 0x000000008cc00000| Untracked 
| 173|0x000000008cd00000, 0x000000008cd00000, 0x000000008ce00000|  0%| F|  |TAMS 0x000000008cd00000, 0x000000008cd00000| Untracked 
| 174|0x000000008ce00000, 0x000000008ce00000, 0x000000008cf00000|  0%| F|  |TAMS 0x000000008ce00000, 0x000000008ce00000| Untracked 
| 175|0x000000008cf00000, 0x000000008cf00000, 0x000000008d000000|  0%| F|  |TAMS 0x000000008cf00000, 0x000000008cf00000| Untracked 
| 176|0x000000008d000000, 0x000000008d000000, 0x000000008d100000|  0%| F|  |TAMS 0x000000008d000000, 0x000000008d000000| Untracked 
| 177|0x000000008d100000, 0x000000008d100000, 0x000000008d200000|  0%| F|  |TAMS 0x000000008d100000, 0x000000008d100000| Untracked 
| 178|0x000000008d200000, 0x000000008d200000, 0x000000008d300000|  0%| F|  |TAMS 0x000000008d200000, 0x000000008d200000| Untracked 
| 179|0x000000008d300000, 0x000000008d300000, 0x000000008d400000|  0%| F|  |TAMS 0x000000008d300000, 0x000000008d300000| Untracked 
| 180|0x000000008d400000, 0x000000008d400000, 0x000000008d500000|  0%| F|  |TAMS 0x000000008d400000, 0x000000008d400000| Untracked 
| 181|0x000000008d500000, 0x000000008d5f7fc0, 0x000000008d600000| 96%| E|  |TAMS 0x000000008d500000, 0x000000008d500000| Complete 
| 182|0x000000008d600000, 0x000000008d700000, 0x000000008d700000|100%| E|CS|TAMS 0x000000008d600000, 0x000000008d600000| Complete 
| 183|0x000000008d700000, 0x000000008d800000, 0x000000008d800000|100%| E|CS|TAMS 0x000000008d700000, 0x000000008d700000| Complete 
| 184|0x000000008d800000, 0x000000008d900000, 0x000000008d900000|100%| E|CS|TAMS 0x000000008d800000, 0x000000008d800000| Complete 
| 185|0x000000008d900000, 0x000000008da00000, 0x000000008da00000|100%| E|CS|TAMS 0x000000008d900000, 0x000000008d900000| Complete 
| 186|0x000000008da00000, 0x000000008db00000, 0x000000008db00000|100%| E|CS|TAMS 0x000000008da00000, 0x000000008da00000| Complete 
| 187|0x000000008db00000, 0x000000008dc00000, 0x000000008dc00000|100%| E|  |TAMS 0x000000008db00000, 0x000000008db00000| Complete 
| 188|0x000000008dc00000, 0x000000008dd00000, 0x000000008dd00000|100%| E|CS|TAMS 0x000000008dc00000, 0x000000008dc00000| Complete 
| 189|0x000000008dd00000, 0x000000008de00000, 0x000000008de00000|100%| E|CS|TAMS 0x000000008dd00000, 0x000000008dd00000| Complete 
| 190|0x000000008de00000, 0x000000008df00000, 0x000000008df00000|100%| E|CS|TAMS 0x000000008de00000, 0x000000008de00000| Complete 

Card table byte_map: [0x00000200f4630000,0x00000200f4a20000] _byte_map_base: 0x00000200f4220000

Marking Bits (Prev, Next): (CMBitMap*) 0x00000200dca96cd8, (CMBitMap*) 0x00000200dca96d10
 Prev Bits: [0x00000200f4e10000, 0x00000200f6d90000)
 Next Bits: [0x00000200f6d90000, 0x00000200f8d10000)

Polling page: 0x00000200dc240000

Metaspace:

Usage:
  Non-class:     35.38 MB capacity,    34.84 MB ( 98%) used,   475.02 KB (  1%) free+waste,    72.94 KB ( <1%) overhead. 
      Class:      4.33 MB capacity,     4.00 MB ( 92%) used,   314.28 KB (  7%) free+waste,    29.81 KB ( <1%) overhead. 
       Both:     39.71 MB capacity,    38.84 MB ( 98%) used,   789.30 KB (  2%) free+waste,   102.75 KB ( <1%) overhead. 

Virtual space:
  Non-class space:       36.00 MB reserved,      35.42 MB ( 98%) committed 
      Class space:        1.00 GB reserved,       4.38 MB ( <1%) committed 
             Both:        1.04 GB reserved,      39.80 MB (  4%) committed 

Chunk freelists:
   Non-Class:  5.50 KB
       Class:  1.38 KB
        Both:  6.88 KB

CodeHeap 'non-profiled nmethods': size=120000Kb used=5520Kb max_used=5520Kb free=114480Kb
 bounds [0x00000200ec9e0000, 0x00000200ecf50000, 0x00000200f3f10000]
CodeHeap 'profiled nmethods': size=120000Kb used=18262Kb max_used=18262Kb free=101738Kb
 bounds [0x00000200e54b0000, 0x00000200e6690000, 0x00000200ec9e0000]
CodeHeap 'non-nmethods': size=5760Kb used=1168Kb max_used=1217Kb free=4591Kb
 bounds [0x00000200e4f10000, 0x00000200e5180000, 0x00000200e54b0000]
 total_blobs=8308 nmethods=7792 adapters=427
 compilation: enabled
              stopped_count=0, restarted_count=0
 full_count=0

Compilation events (10 events):
Event: 11.613 Thread 0x00000200809a5800 7858       4       sun.nio.cs.UTF_8::updatePositions (23 bytes)
Event: 11.617 Thread 0x00000200809a5800 nmethod 7858 0x00000200ecf43110 code [0x00000200ecf432e0, 0x00000200ecf43718]
Event: 11.649 Thread 0x00000200fb79b000 7859  s    1       java.lang.StringBuffer::length (5 bytes)
Event: 11.649 Thread 0x00000200fb79b000 nmethod 7859 0x00000200ecf43b90 code [0x00000200ecf43d20, 0x00000200ecf43f38]
Event: 11.650 Thread 0x00000200fb79b000 7860       3       java.lang.StringUTF16::charAt (11 bytes)
Event: 11.650 Thread 0x00000200fb79b000 nmethod 7860 0x00000200e6684010 code [0x00000200e66841c0, 0x00000200e66843a8]
Event: 11.650 Thread 0x00000200fb79b000 7861       3       java.util.Calendar::internalGet (7 bytes)
Event: 11.650 Thread 0x00000200fb79b000 nmethod 7861 0x00000200e6684510 code [0x00000200e66846c0, 0x00000200e66847f8]
Event: 11.650 Thread 0x00000200fb79b000 7862  s    3       java.lang.StringBuffer::append (13 bytes)
Event: 11.651 Thread 0x00000200fb79b000 nmethod 7862 0x00000200e6684910 code [0x00000200e6684ac0, 0x00000200e6684d88]

GC Heap History (10 events):
Event: 4.976 GC heap before
{Heap before GC invocations=8 (full 0):
 garbage-first heap   total 162816K, used 114688K [0x0000000082000000, 0x0000000100000000)
  region size 1024K, 76 young (77824K), 11 survivors (11264K)
 Metaspace       used 34278K, capacity 34996K, committed 35248K, reserved 1081344K
  class space    used 3551K, capacity 3786K, committed 3840K, reserved 1048576K
}
Event: 4.988 GC heap after
{Heap after GC invocations=9 (full 0):
 garbage-first heap   total 162816K, used 54272K [0x0000000082000000, 0x0000000100000000)
  region size 1024K, 5 young (5120K), 5 survivors (5120K)
 Metaspace       used 34278K, capacity 34996K, committed 35248K, reserved 1081344K
  class space    used 3551K, capacity 3786K, committed 3840K, reserved 1048576K
}
Event: 5.261 GC heap before
{Heap before GC invocations=9 (full 0):
 garbage-first heap   total 162816K, used 75776K [0x0000000082000000, 0x0000000100000000)
  region size 1024K, 27 young (27648K), 5 survivors (5120K)
 Metaspace       used 35126K, capacity 35808K, committed 35888K, reserved 1081344K
  class space    used 3637K, capacity 3905K, committed 3968K, reserved 1048576K
}
Event: 5.268 GC heap after
{Heap after GC invocations=10 (full 0):
 garbage-first heap   total 195584K, used 54396K [0x0000000082000000, 0x0000000100000000)
  region size 1024K, 5 young (5120K), 5 survivors (5120K)
 Metaspace       used 35126K, capacity 35808K, committed 35888K, reserved 1081344K
  class space    used 3637K, capacity 3905K, committed 3968K, reserved 1048576K
}
Event: 7.172 GC heap before
{Heap before GC invocations=11 (full 0):
 garbage-first heap   total 195584K, used 132220K [0x0000000082000000, 0x0000000100000000)
  region size 1024K, 80 young (81920K), 5 survivors (5120K)
 Metaspace       used 36209K, capacity 37005K, committed 37296K, reserved 1083392K
  class space    used 3732K, capacity 4049K, committed 4096K, reserved 1048576K
}
Event: 7.179 GC heap after
{Heap after GC invocations=12 (full 0):
 garbage-first heap   total 195584K, used 56515K [0x0000000082000000, 0x0000000100000000)
  region size 1024K, 7 young (7168K), 7 survivors (7168K)
 Metaspace       used 36209K, capacity 37005K, committed 37296K, reserved 1083392K
  class space    used 3732K, capacity 4049K, committed 4096K, reserved 1048576K
}
Event: 7.648 GC heap before
{Heap before GC invocations=12 (full 0):
 garbage-first heap   total 195584K, used 137411K [0x0000000082000000, 0x0000000100000000)
  region size 1024K, 86 young (88064K), 7 survivors (7168K)
 Metaspace       used 36297K, capacity 37156K, committed 37296K, reserved 1083392K
  class space    used 3735K, capacity 4055K, committed 4096K, reserved 1048576K
}
Event: 7.662 GC heap after
{Heap after GC invocations=13 (full 0):
 garbage-first heap   total 195584K, used 73489K [0x0000000082000000, 0x0000000100000000)
  region size 1024K, 11 young (11264K), 11 survivors (11264K)
 Metaspace       used 36297K, capacity 37156K, committed 37296K, reserved 1083392K
  class space    used 3735K, capacity 4055K, committed 4096K, reserved 1048576K
}
Event: 9.291 GC heap before
{Heap before GC invocations=13 (full 0):
 garbage-first heap   total 195584K, used 141073K [0x0000000082000000, 0x0000000100000000)
  region size 1024K, 78 young (79872K), 11 survivors (11264K)
 Metaspace       used 38902K, capacity 39781K, committed 39856K, reserved 1085440K
  class space    used 4010K, capacity 4333K, committed 4352K, reserved 1048576K
}
Event: 9.301 GC heap after
{Heap after GC invocations=14 (full 0):
 garbage-first heap   total 195584K, used 71669K [0x0000000082000000, 0x0000000100000000)
  region size 1024K, 3 young (3072K), 3 survivors (3072K)
 Metaspace       used 38902K, capacity 39781K, committed 39856K, reserved 1085440K
  class space    used 4010K, capacity 4333K, committed 4352K, reserved 1048576K
}

Deoptimization events (10 events):
Event: 9.223 Thread 0x00000200ff8d2000 Uncommon trap: reason=bimorphic_or_optimized_type_check action=maybe_recompile pc=0x00000200ece6e920 method=java.util.concurrent.locks.AbstractQueuedSynchronizer.release(I)Z @ 2 c2
Event: 9.223 Thread 0x0000020083154800 Uncommon trap: reason=bimorphic_or_optimized_type_check action=maybe_recompile pc=0x00000200ece6e920 method=java.util.concurrent.locks.AbstractQueuedSynchronizer.release(I)Z @ 2 c2
Event: 9.223 Thread 0x0000020080dd9800 Uncommon trap: reason=bimorphic_or_optimized_type_check action=maybe_recompile pc=0x00000200ece6e920 method=java.util.concurrent.locks.AbstractQueuedSynchronizer.release(I)Z @ 2 c2
Event: 9.224 Thread 0x00000200ff8d2000 Uncommon trap: reason=unstable_if action=reinterpret pc=0x00000200eccb5b90 method=java.util.concurrent.locks.AbstractQueuedSynchronizer.doReleaseShared()V @ 6 c2
Event: 9.252 Thread 0x00000200dca5c800 Uncommon trap: reason=bimorphic_or_optimized_type_check action=maybe_recompile pc=0x00000200ecc1c048 method=org.apache.maven.model.merge.ModelMerger$DependencyKeyComputer.key(Lorg/apache/maven/model/Dependency;)Ljava/lang/Object; @ 5 c2
Event: 9.258 Thread 0x00000200dca5c800 Uncommon trap: reason=profile_predicate action=maybe_recompile pc=0x00000200ecf0828c method=java.util.regex.Pattern$Slice.match(Ljava/util/regex/Matcher;ILjava/lang/CharSequence;)Z @ 18 c2
Event: 9.258 Thread 0x00000200dca5c800 Uncommon trap: reason=profile_predicate action=maybe_recompile pc=0x00000200ecf0828c method=java.util.regex.Pattern$Slice.match(Ljava/util/regex/Matcher;ILjava/lang/CharSequence;)Z @ 18 c2
Event: 9.258 Thread 0x00000200dca5c800 Uncommon trap: reason=profile_predicate action=maybe_recompile pc=0x00000200ecf0828c method=java.util.regex.Pattern$Slice.match(Ljava/util/regex/Matcher;ILjava/lang/CharSequence;)Z @ 18 c2
Event: 9.258 Thread 0x00000200dca5c800 Uncommon trap: reason=profile_predicate action=maybe_recompile pc=0x00000200ecf0828c method=java.util.regex.Pattern$Slice.match(Ljava/util/regex/Matcher;ILjava/lang/CharSequence;)Z @ 18 c2
Event: 9.493 Thread 0x00000200dca5c800 Uncommon trap: reason=class_check action=maybe_recompile pc=0x00000200ecb3c9c4 method=java.util.Collections$UnmodifiableMap$UnmodifiableEntrySet$1.<init>(Ljava/util/Collections$UnmodifiableMap$UnmodifiableEntrySet;)V @ 17 c2

Classes redefined (0 events):
No events

Internal exceptions (10 events):
Event: 7.929 Thread 0x00000200dca5c800 Exception <a 'sun/nio/fs/WindowsException'{0x000000008bd47c90}> (0x000000008bd47c90) thrown at [./open/src/hotspot/share/prims/jni.cpp, line 611]
Event: 7.930 Thread 0x00000200dca5c800 Exception <a 'sun/nio/fs/WindowsException'{0x000000008bd6f448}> (0x000000008bd6f448) thrown at [./open/src/hotspot/share/prims/jni.cpp, line 611]
Event: 8.706 Thread 0x00000200dca5c800 Exception <a 'java/lang/NoSuchMethodError'{0x000000008adc0128}: org.apache.maven.execution.MavenExecutionRequest.getFailureBehavior()Ljava/lang/String;> (0x000000008adc0128) thrown at [./open/src/hotspot/share/interpreter/linkResolver.cpp, line 864]
Event: 8.728 Thread 0x000002008047f800 Exception <a 'java/lang/NoSuchMethodError'{0x000000008afc8c48}: java.lang.invoke.DirectMethodHandle$Holder.invokeStaticInit(Ljava/lang/Object;Ljava/lang/Object;JLjava/lang/Object;)Ljava/lang/Object;> (0x000000008afc8c48) thrown at [./open/src/hotspot/shar
Event: 8.729 Thread 0x000002008047f800 Exception <a 'java/lang/NoSuchMethodError'{0x000000008afd4d68}: java.lang.invoke.Invokers$Holder.linkToTargetMethod(Ljava/lang/Object;JLjava/lang/Object;)Ljava/lang/Object;> (0x000000008afd4d68) thrown at [./open/src/hotspot/share/interpreter/linkResolver
Event: 9.128 Thread 0x00000200dca5c800 Exception <a 'java/lang/NoSuchMethodError'{0x000000008ace07b0}: java.lang.invoke.DirectMethodHandle$Holder.invokeStaticInit(Ljava/lang/Object;Ljava/lang/Object;IIII)Ljava/lang/Object;> (0x000000008ace07b0) thrown at [./open/src/hotspot/share/interpreter/l
Event: 9.528 Thread 0x00000200dca5c800 Exception <a 'java/lang/NoSuchMethodError'{0x000000008d7c2af8}: java.lang.invoke.DirectMethodHandle$Holder.invokeStatic(Ljava/lang/Object;J)V> (0x000000008d7c2af8) thrown at [./open/src/hotspot/share/interpreter/linkResolver.cpp, line 772]
Event: 9.529 Thread 0x00000200dca5c800 Exception <a 'java/lang/NoSuchMethodError'{0x000000008d7c7d08}: java.lang.invoke.DirectMethodHandle$Holder.invokeStatic(Ljava/lang/Object;J)Ljava/lang/Object;> (0x000000008d7c7d08) thrown at [./open/src/hotspot/share/interpreter/linkResolver.cpp, line 772
Event: 9.529 Thread 0x00000200dca5c800 Exception <a 'java/lang/NoSuchMethodError'{0x000000008d7cb030}: java.lang.invoke.DirectMethodHandle$Holder.invokeSpecial(Ljava/lang/Object;Ljava/lang/Object;J)Ljava/lang/Object;> (0x000000008d7cb030) thrown at [./open/src/hotspot/share/interpreter/linkRes
Event: 9.530 Thread 0x00000200dca5c800 Exception <a 'java/lang/NoSuchMethodError'{0x000000008d7cdd98}: java.lang.invoke.Invokers$Holder.linkToTargetMethod(JLjava/lang/Object;)Ljava/lang/Object;> (0x000000008d7cdd98) thrown at [./open/src/hotspot/share/interpreter/linkResolver.cpp, line 772]

Events (10 events):
Event: 11.614 Executing VM operation: BulkRevokeBias
Event: 11.614 Executing VM operation: BulkRevokeBias done
Event: 11.614 Executing VM operation: RevokeBias
Event: 11.614 Executing VM operation: RevokeBias done
Event: 11.641 loading class java/lang/Throwable$WrappedPrintWriter
Event: 11.641 loading class java/lang/Throwable$PrintStreamOrWriter
Event: 11.641 loading class java/lang/Throwable$PrintStreamOrWriter done
Event: 11.641 loading class java/lang/Throwable$WrappedPrintWriter done
Event: 11.642 Executing VM operation: RevokeBias
Event: 11.642 Executing VM operation: RevokeBias done


Dynamic libraries:
0x00007ff76c690000 - 0x00007ff76c69f000 	C:\Program Files\Java\jdk-11.0.11\bin\java.exe
0x00007fff3ab40000 - 0x00007fff3ad47000 	C:\WINDOWS\SYSTEM32\ntdll.dll
0x00007fff39ee0000 - 0x00007fff39f9d000 	C:\WINDOWS\System32\KERNEL32.DLL
0x00007fff38410000 - 0x00007fff38784000 	C:\WINDOWS\System32\KERNELBASE.dll
0x00007fff38790000 - 0x00007fff388a1000 	C:\WINDOWS\System32\ucrtbase.dll
0x00007fff20d30000 - 0x00007fff20d45000 	C:\Program Files\Java\jdk-11.0.11\bin\VCRUNTIME140.dll
0x00007fff20d10000 - 0x00007fff20d28000 	C:\Program Files\Java\jdk-11.0.11\bin\jli.dll
0x00007fff39ab0000 - 0x00007fff39b5c000 	C:\WINDOWS\System32\ADVAPI32.dll
0x00007fff39fa0000 - 0x00007fff3a043000 	C:\WINDOWS\System32\msvcrt.dll
0x00007fff38f80000 - 0x00007fff3901d000 	C:\WINDOWS\System32\sechost.dll
0x00007fff38e50000 - 0x00007fff38f71000 	C:\WINDOWS\System32\RPCRT4.dll
0x00007fff3a390000 - 0x00007fff3a53c000 	C:\WINDOWS\System32\USER32.dll
0x00007fff382b0000 - 0x00007fff382d6000 	C:\WINDOWS\System32\win32u.dll
0x00007fff17e10000 - 0x00007fff180b5000 	C:\WINDOWS\WinSxS\amd64_microsoft.windows.common-controls_6595b64144ccf1df_6.0.22000.120_none_9d947278b86cc467\COMCTL32.dll
0x00007fff3aa60000 - 0x00007fff3aa89000 	C:\WINDOWS\System32\GDI32.dll
0x00007fff388b0000 - 0x00007fff389c2000 	C:\WINDOWS\System32\gdi32full.dll
0x00007fff38020000 - 0x00007fff380bd000 	C:\WINDOWS\System32\msvcp_win.dll
0x00007fff31750000 - 0x00007fff3175a000 	C:\WINDOWS\SYSTEM32\VERSION.dll
0x00007fff3a350000 - 0x00007fff3a381000 	C:\WINDOWS\System32\IMM32.DLL
0x00007fff0cc80000 - 0x00007fff0cd1b000 	C:\Program Files\Java\jdk-11.0.11\bin\msvcp140.dll
0x00007ffee37e0000 - 0x00007ffee42de000 	C:\Program Files\Java\jdk-11.0.11\bin\server\jvm.dll
0x00007fff39a40000 - 0x00007fff39a48000 	C:\WINDOWS\System32\PSAPI.DLL
0x00007fff0f4f0000 - 0x00007fff0f4f9000 	C:\WINDOWS\SYSTEM32\WSOCK32.dll
0x00007fff31690000 - 0x00007fff316c3000 	C:\WINDOWS\SYSTEM32\WINMM.dll
0x00007fff3a050000 - 0x00007fff3a0bf000 	C:\WINDOWS\System32\WS2_32.dll
0x00007fff37140000 - 0x00007fff37158000 	C:\WINDOWS\SYSTEM32\kernel.appcore.dll
0x00007fff32d20000 - 0x00007fff32d30000 	C:\Program Files\Java\jdk-11.0.11\bin\verify.dll
0x00007fff356e0000 - 0x00007fff35901000 	C:\WINDOWS\SYSTEM32\DBGHELP.DLL
0x00007fff20c90000 - 0x00007fff20cc1000 	C:\WINDOWS\SYSTEM32\dbgcore.DLL
0x00007fff38230000 - 0x00007fff382b0000 	C:\WINDOWS\System32\bcryptPrimitives.dll
0x00007fff1ff10000 - 0x00007fff1ff38000 	C:\Program Files\Java\jdk-11.0.11\bin\java.dll
0x00007fff32cb0000 - 0x00007fff32cba000 	C:\Program Files\Java\jdk-11.0.11\bin\jimage.dll
0x00007fff20060000 - 0x00007fff20076000 	C:\Program Files\Java\jdk-11.0.11\bin\zip.dll
0x00007fff39290000 - 0x00007fff39a3a000 	C:\WINDOWS\System32\SHELL32.dll
0x00007fff361c0000 - 0x00007fff36a22000 	C:\WINDOWS\SYSTEM32\windows.storage.dll
0x00007fff3a6e0000 - 0x00007fff3aa58000 	C:\WINDOWS\System32\combase.dll
0x00007fff36050000 - 0x00007fff361b6000 	C:\WINDOWS\SYSTEM32\wintypes.dll
0x00007fff3a540000 - 0x00007fff3a62a000 	C:\WINDOWS\System32\SHCORE.dll
0x00007fff39a50000 - 0x00007fff39aad000 	C:\WINDOWS\System32\shlwapi.dll
0x00007fff37f50000 - 0x00007fff37f71000 	C:\WINDOWS\SYSTEM32\profapi.dll
0x00007fff1eaa0000 - 0x00007fff1eab9000 	C:\Program Files\Java\jdk-11.0.11\bin\net.dll
0x00007fff32030000 - 0x00007fff3213c000 	C:\WINDOWS\SYSTEM32\WINHTTP.dll
0x00007fff375f0000 - 0x00007fff37657000 	C:\WINDOWS\system32\mswsock.dll
0x00007fff1ea80000 - 0x00007fff1ea92000 	C:\Program Files\Java\jdk-11.0.11\bin\nio.dll
0x00007fff32c10000 - 0x00007fff32c1a000 	C:\opt\apache-maven-3.8.1\lib\jansi-native\windows64\jansi.dll
0x00007fff37880000 - 0x00007fff37898000 	C:\WINDOWS\SYSTEM32\CRYPTSP.dll
0x00007fff370a0000 - 0x00007fff370d5000 	C:\WINDOWS\system32\rsaenh.dll
0x00007fff37730000 - 0x00007fff37759000 	C:\WINDOWS\SYSTEM32\USERENV.dll
0x00007fff37a00000 - 0x00007fff37a27000 	C:\WINDOWS\SYSTEM32\bcrypt.dll
0x00007fff378a0000 - 0x00007fff378ac000 	C:\WINDOWS\SYSTEM32\CRYPTBASE.dll
0x00007fff36d10000 - 0x00007fff36d3d000 	C:\WINDOWS\SYSTEM32\IPHLPAPI.DLL
0x00007fff3a650000 - 0x00007fff3a659000 	C:\WINDOWS\System32\NSI.dll
0x00007fff31fd0000 - 0x00007fff31fe9000 	C:\WINDOWS\SYSTEM32\dhcpcsvc6.DLL
0x00007fff33270000 - 0x00007fff3328e000 	C:\WINDOWS\SYSTEM32\dhcpcsvc.DLL
0x00007fff36d40000 - 0x00007fff36e27000 	C:\WINDOWS\SYSTEM32\DNSAPI.dll

dbghelp: loaded successfully - version: 4.0.5 - missing functions: none
symbol engine: initialized successfully - sym options: 0x614 - pdb path: .;C:\Program Files\Java\jdk-11.0.11\bin;C:\WINDOWS\SYSTEM32;C:\WINDOWS\WinSxS\amd64_microsoft.windows.common-controls_6595b64144ccf1df_6.0.22000.120_none_9d947278b86cc467;C:\Program Files\Java\jdk-11.0.11\bin\server;C:\opt\apache-maven-3.8.1\lib\jansi-native\windows64

VM Arguments:
jvm_args: -Dclassworlds.conf=C:\opt\apache-maven-3.8.1\bin\..\bin\m2.conf -Dmaven.home=C:\opt\apache-maven-3.8.1\bin\.. -Dlibrary.jansi.path=C:\opt\apache-maven-3.8.1\bin\..\lib\jansi-native -Dmaven.multiModuleProjectDirectory=E:\Univeit\spring-boot-apps\KCM 
java_command: org.codehaus.plexus.classworlds.launcher.Launcher package
java_class_path (initial): C:\opt\apache-maven-3.8.1\bin\..\boot\plexus-classworlds-2.6.0.jar
Launcher Type: SUN_STANDARD

[Global flags]
     intx CICompilerCount                          = 4                                         {product} {ergonomic}
     uint ConcGCThreads                            = 2                                         {product} {ergonomic}
     uint G1ConcRefinementThreads                  = 8                                         {product} {ergonomic}
   size_t G1HeapRegionSize                         = 1048576                                   {product} {ergonomic}
    uintx GCDrainStackTargetSize                   = 64                                        {product} {ergonomic}
   size_t InitialHeapSize                          = 132120576                                 {product} {ergonomic}
   size_t MarkStackSize                            = 4194304                                   {product} {ergonomic}
   size_t MaxHeapSize                              = 2113929216                                {product} {ergonomic}
   size_t MaxNewSize                               = 1267728384                                {product} {ergonomic}
   size_t MinHeapDeltaBytes                        = 1048576                                   {product} {ergonomic}
    uintx NonNMethodCodeHeapSize                   = 5836300                                {pd product} {ergonomic}
    uintx NonProfiledCodeHeapSize                  = 122910970                              {pd product} {ergonomic}
    uintx ProfiledCodeHeapSize                     = 122910970                              {pd product} {ergonomic}
    uintx ReservedCodeCacheSize                    = 251658240                              {pd product} {ergonomic}
     bool SegmentedCodeCache                       = true                                      {product} {ergonomic}
     bool UseCompressedClassPointers               = true                                 {lp64_product} {ergonomic}
     bool UseCompressedOops                        = true                                 {lp64_product} {ergonomic}
     bool UseG1GC                                  = true                                      {product} {ergonomic}
     bool UseLargePagesIndividualAllocation        = false                                  {pd product} {ergonomic}

Logging:
Log output configuration:
 #0: stdout all=warning uptime,level,tags
 #1: stderr all=off uptime,level,tags

Environment Variables:
JAVA_HOME=C:\Program Files\Java\jdk-11.0.11
PATH=C:\Program Files\Microsoft MPI\Bin\;C:\windows\system32;C:\windows;C:\windows\System32\Wbem;C:\windows\System32\WindowsPowerShell\v1.0\;C:\windows\System32\OpenSSH\;C:\Program Files (x86)\NVIDIA Corporation\PhysX\Common;C:\Program Files (x86)\Intel\Intel(R) Management Engine Components\DAL;C:\Program Files\Intel\Intel(R) Management Engine Components\DAL;C:\WINDOWS\system32;C:\WINDOWS;C:\WINDOWS\System32\Wbem;C:\WINDOWS\System32\WindowsPowerShell\v1.0\;C:\WINDOWS\System32\OpenSSH\;C:\Users\wssil\AppData\Roaming\nvm;C:\Program Files\nodejs;C:\ProgramData\chocolatey\bin;C:\Program Files\Java\jdk-11.0.11\bin;C:\Program Files\Git\cmd;C:\Program Files\Microsoft\Web Platform Installer\;C:\Program Files (x86)\Microsoft SQL Server\150\Tools\Binn\;C:\Program Files\Microsoft SQL Server\150\Tools\Binn\;C:\Program Files (x86)\Microsoft SQL Server\150\DTS\Binn\;C:\Program Files\Microsoft SQL Server\150\DTS\Binn\;C:\Program Files\Microsoft SQL Server\Client SDK\ODBC\170\Tools\Binn\;C:\Program Files\Azure Data Studio\bin;C:\Program Files\dotnet\;C:\Users\wssil\AppData\Local\Programs\Python\Python39\Scripts\;C:\Users\wssil\AppData\Local\Programs\Python\Python39\;C:\Program Files\MySQL\MySQL Shell 8.0\bin\;C:\Users\wssil\AppData\Local\Microsoft\WindowsApps;C:\Users\wssil\AppData\Local\Programs\Microsoft VS Code\bin;C:\Users\wssil\AppData\Roaming\nvm;C:\Program Files\nodejs;C:\Users\wssil\AppData\Local\Android\Sdk\platform-tools;C:\opt\apache-maven-3.8.1\bin;C:\opt\ffmpeg-4.4-full_build-shared\bin;;C:\Program Files\Azure Data Studio\bin;C:\Users\wssil\.dotnet\tools
USERNAME=wssil
OS=Windows_NT
PROCESSOR_IDENTIFIER=Intel64 Family 6 Model 142 Stepping 12, GenuineIntel



---------------  S Y S T E M  ---------------

OS: Windows 10 , 64 bit Build 22000 (10.0.22000.282)

CPU:total 8 (initial active 8) (4 cores per cpu, 2 threads per core) family 6 model 142 stepping 12 microcode 0xde, cmov, cx8, fxsr, mmx, sse, sse2, sse3, ssse3, sse4.1, sse4.2, popcnt, avx, avx2, aes, clmul, erms, 3dnowpref, lzcnt, ht, tsc, tscinvbit, bmi1, bmi2, adx, fma

Memory: 4k page, system-wide physical 8062M (931M free)
TotalPageFile size 8062M (AvailPageFile size 74M)
current process WorkingSet (physical memory assigned to process): 341M, peak: 394M
current process commit charge ("private bytes"): 383M, peak: 428M

vm_info: Java HotSpot(TM) 64-Bit Server VM (11.0.11+9-LTS-194) for windows-amd64 JRE (11.0.11+9-LTS-194), built on Mar 18 2021 18:46:53 by "mach5one" with MS VC++ 15.9 (VS2017)

END.
