#
# There is insufficient memory for the Java Runtime Environment to continue.
# Native memory allocation (malloc) failed to allocate 1472816 bytes for Chunk::new
# Possible reasons:
#   The system is out of physical RAM or swap space
#   The process is running with CompressedOops enabled, and the Java Heap may be blocking the growth of the native heap
# Possible solutions:
#   Reduce memory load on the system
#   Increase physical memory or swap space
#   Check if swap backing store is full
#   Decrease Java heap size (-Xmx/-Xms)
#   Decrease number of Java threads
#   Decrease Java thread stack sizes (-Xss)
#   Set larger code cache with -XX:ReservedCodeCacheSize=
#   JVM is running with Unscaled Compressed Oops mode in which the Java heap is
#     placed in the first 4GB address space. The Java Heap base address is the
#     maximum limit for the native heap growth. Please use -XX:HeapBaseMinAddress
#     to set the Java Heap base and to place the Java Heap above 4GB virtual address.
# This output file may be truncated or incomplete.
#
#  Out of Memory Error (./open/src/hotspot/share/memory/arena.cpp:197), pid=12736, tid=4584
#
# JRE version: Java(TM) SE Runtime Environment 18.9 (11.0.11+9) (build 11.0.11+9-LTS-194)
# Java VM: Java HotSpot(TM) 64-Bit Server VM 18.9 (11.0.11+9-LTS-194, mixed mode, tiered, compressed oops, g1 gc, windows-amd64)
# No core dump will be written. Minidumps are not enabled by default on client versions of Windows
#

---------------  S U M M A R Y ------------

Command Line: -Dclassworlds.conf=C:\opt\apache-maven-3.8.1\bin\..\bin\m2.conf -Dmaven.home=C:\opt\apache-maven-3.8.1\bin\.. -Dlibrary.jansi.path=C:\opt\apache-maven-3.8.1\bin\..\lib\jansi-native -Dmaven.multiModuleProjectDirectory=E:\Univeit\spring-boot-apps\KCM org.codehaus.plexus.classworlds.launcher.Launcher package

Host: Intel(R) Core(TM) i7-8565U CPU @ 1.80GHz, 8 cores, 7G,  Windows 10 , 64 bit Build 22000 (10.0.22000.282)
Time: Tue Nov  9 00:07:31 2021 E. Africa Standard Time elapsed time: 9.921669 seconds (0d 0h 0m 9s)

---------------  T H R E A D  ---------------

Current thread (0x000001ecb9244800):  JavaThread "C2 CompilerThread0" daemon [_thread_in_native, id=4584, stack(0x000000aa81600000,0x000000aa81700000)]


Current CompileTask:
C2:   9921 6002       4       java.net.URLStreamHandler::parseURL (1201 bytes)

Stack: [0x000000aa81600000,0x000000aa81700000]
Native frames: (J=compiled Java code, j=interpreted, Vv=VM code, C=native code)
V  [jvm.dll+0x616f2a]
V  [jvm.dll+0x74de7f]
V  [jvm.dll+0x74f505]
V  [jvm.dll+0x74fb83]
V  [jvm.dll+0x2436d8]
V  [jvm.dll+0xba68c]
V  [jvm.dll+0xbad8c]
V  [jvm.dll+0x3462b7]
V  [jvm.dll+0x193dc9]
V  [jvm.dll+0x1fd152]
V  [jvm.dll+0x1fc22f]
V  [jvm.dll+0x17f0bc]
V  [jvm.dll+0x20b68c]
V  [jvm.dll+0x20978b]
V  [jvm.dll+0x7152c9]
V  [jvm.dll+0x70dfc4]
V  [jvm.dll+0x6160f6]
C  [ucrtbase.dll+0x26c0c]
C  [KERNEL32.DLL+0x154e0]
C  [ntdll.dll+0x485b]


---------------  P R O C E S S  ---------------

Threads class SMR info:
_java_thread_list=0x000001ecbbc476c0, length=12, elements={
0x000001ec99bcc800, 0x000001ecb88d6800, 0x000001ecb88df800, 0x000001ecb88f1000,
0x000001ecb88f4800, 0x000001ecb9244800, 0x000001ecb9249800, 0x000001ecb924a800,
0x000001ecb93cd800, 0x000001ecb93d8000, 0x000001ecba08b000, 0x000001ecb9943800
}

Java Threads: ( => current thread )
  0x000001ec99bcc800 JavaThread "main" [_thread_in_Java, id=5140, stack(0x000000aa80b00000,0x000000aa80c00000)]
  0x000001ecb88d6800 JavaThread "Reference Handler" daemon [_thread_blocked, id=12472, stack(0x000000aa81200000,0x000000aa81300000)]
  0x000001ecb88df800 JavaThread "Finalizer" daemon [_thread_blocked, id=2240, stack(0x000000aa81300000,0x000000aa81400000)]
  0x000001ecb88f1000 JavaThread "Signal Dispatcher" daemon [_thread_blocked, id=10780, stack(0x000000aa81400000,0x000000aa81500000)]
  0x000001ecb88f4800 JavaThread "Attach Listener" daemon [_thread_blocked, id=6780, stack(0x000000aa81500000,0x000000aa81600000)]
=>0x000001ecb9244800 JavaThread "C2 CompilerThread0" daemon [_thread_in_native, id=4584, stack(0x000000aa81600000,0x000000aa81700000)]
  0x000001ecb9249800 JavaThread "C1 CompilerThread0" daemon [_thread_in_native, id=4620, stack(0x000000aa81700000,0x000000aa81800000)]
  0x000001ecb924a800 JavaThread "Sweeper thread" daemon [_thread_blocked, id=9436, stack(0x000000aa81800000,0x000000aa81900000)]
  0x000001ecb93cd800 JavaThread "Service Thread" daemon [_thread_blocked, id=7752, stack(0x000000aa81900000,0x000000aa81a00000)]
  0x000001ecb93d8000 JavaThread "Common-Cleaner" daemon [_thread_blocked, id=8064, stack(0x000000aa81b00000,0x000000aa81c00000)]
  0x000001ecba08b000 JavaThread "C2 CompilerThread1" daemon [_thread_in_native, id=8604, stack(0x000000aa81d00000,0x000000aa81e00000)]
  0x000001ecb9943800 JavaThread "C2 CompilerThread2" daemon [_thread_in_native, id=13040, stack(0x000000aa82000000,0x000000aa82100000)]

Other Threads:
  0x000001ecb88a2800 VMThread "VM Thread" [stack: 0x000000aa81100000,0x000000aa81200000] [id=1896]
  0x000001ecb93d6800 WatcherThread [stack: 0x000000aa81a00000,0x000000aa81b00000] [id=4500]
  0x000001ec99be1800 GCTaskThread "GC Thread#0" [stack: 0x000000aa80c00000,0x000000aa80d00000] [id=8124]
  0x000001ecb9e9e000 GCTaskThread "GC Thread#1" [stack: 0x000000aa81e00000,0x000000aa81f00000] [id=12188]
  0x000001ecba200800 GCTaskThread "GC Thread#2" [stack: 0x000000aa81f00000,0x000000aa82000000] [id=9692]
  0x000001ec99c13800 ConcurrentGCThread "G1 Main Marker" [stack: 0x000000aa80d00000,0x000000aa80e00000] [id=6748]
  0x000001ec99c15000 ConcurrentGCThread "G1 Conc#0" [stack: 0x000000aa80e00000,0x000000aa80f00000] [id=2196]
  0x000001ecba1fd800 ConcurrentGCThread "G1 Conc#1" [stack: 0x000000aa81c00000,0x000000aa81d00000] [id=11124]
  0x000001ecb8710800 ConcurrentGCThread "G1 Refine#0" [stack: 0x000000aa80f00000,0x000000aa81000000] [id=3324]
  0x000001ecbeb21000 ConcurrentGCThread "G1 Refine#1" [stack: 0x000000aa82100000,0x000000aa82200000] [id=1476]
  0x000001ecb8711000 ConcurrentGCThread "G1 Young RemSet Sampling" [stack: 0x000000aa81000000,0x000000aa81100000] [id=3952]

Threads with active compile tasks:
C2 CompilerThread0   9991 6002       4       java.net.URLStreamHandler::parseURL (1201 bytes)
C2 CompilerThread1   9991 6134   !   4       lombok.javac.JavacAST::drill (146 bytes)
C2 CompilerThread2   9991 6138       4       lombok.javac.JavacAST::buildStatementOrExpression (104 bytes)

VM state:not at safepoint (normal execution)

VM Mutex/Monitor currently owned by a thread: None

Heap address: 0x0000000082000000, size: 2016 MB, Compressed Oops mode: 32-bit
Narrow klass base: 0x0000000000000000, Narrow klass shift: 3
Compressed class space size: 1073741824 Address: 0x0000000100000000

Heap:
 garbage-first heap   total 155648K, used 61440K [0x0000000082000000, 0x0000000100000000)
  region size 1024K, 12 young (12288K), 4 survivors (4096K)
 Metaspace       used 34372K, capacity 35001K, committed 35248K, reserved 1081344K
  class space    used 3551K, capacity 3786K, committed 3840K, reserved 1048576K
Heap Regions: E=young(eden), S=young(survivor), O=old, HS=humongous(starts), HC=humongous(continues), CS=collection set, F=free, A=archive, TAMS=top-at-mark-start (previous, next)
|   0|0x0000000082000000, 0x0000000082100000, 0x0000000082100000|100%| O|  |TAMS 0x0000000082100000, 0x0000000082000000| Untracked 
|   1|0x0000000082100000, 0x0000000082200000, 0x0000000082200000|100%| O|  |TAMS 0x0000000082200000, 0x0000000082100000| Untracked 
|   2|0x0000000082200000, 0x0000000082300000, 0x0000000082300000|100%| O|  |TAMS 0x0000000082300000, 0x0000000082200000| Untracked 
|   3|0x0000000082300000, 0x0000000082400000, 0x0000000082400000|100%| O|  |TAMS 0x0000000082400000, 0x0000000082300000| Untracked 
|   4|0x0000000082400000, 0x0000000082500000, 0x0000000082500000|100%| O|  |TAMS 0x0000000082500000, 0x0000000082400000| Untracked 
|   5|0x0000000082500000, 0x0000000082600000, 0x0000000082600000|100%| O|  |TAMS 0x0000000082600000, 0x0000000082500000| Untracked 
|   6|0x0000000082600000, 0x0000000082700000, 0x0000000082700000|100%| O|  |TAMS 0x0000000082700000, 0x0000000082600000| Untracked 
|   7|0x0000000082700000, 0x0000000082800000, 0x0000000082800000|100%| O|  |TAMS 0x0000000082800000, 0x0000000082700000| Untracked 
|   8|0x0000000082800000, 0x0000000082900000, 0x0000000082900000|100%| O|  |TAMS 0x0000000082900000, 0x0000000082800000| Untracked 
|   9|0x0000000082900000, 0x0000000082a00000, 0x0000000082a00000|100%| O|  |TAMS 0x0000000082987600, 0x0000000082900000| Untracked 
|  10|0x0000000082a00000, 0x0000000082b00000, 0x0000000082b00000|100%| O|  |TAMS 0x0000000082a00000, 0x0000000082a00000| Untracked 
|  11|0x0000000082b00000, 0x0000000082c00000, 0x0000000082c00000|100%| O|  |TAMS 0x0000000082b00000, 0x0000000082b00000| Untracked 
|  12|0x0000000082c00000, 0x0000000082d00000, 0x0000000082d00000|100%| O|  |TAMS 0x0000000082c00000, 0x0000000082c00000| Untracked 
|  13|0x0000000082d00000, 0x0000000082e00000, 0x0000000082e00000|100%| O|  |TAMS 0x0000000082d00000, 0x0000000082d00000| Untracked 
|  14|0x0000000082e00000, 0x0000000082f00000, 0x0000000082f00000|100%| O|  |TAMS 0x0000000082e00000, 0x0000000082e00000| Untracked 
|  15|0x0000000082f00000, 0x0000000083000000, 0x0000000083000000|100%| O|  |TAMS 0x0000000082f00000, 0x0000000082f00000| Untracked 
|  16|0x0000000083000000, 0x0000000083100000, 0x0000000083100000|100%| O|  |TAMS 0x0000000083000000, 0x0000000083000000| Untracked 
|  17|0x0000000083100000, 0x0000000083200000, 0x0000000083200000|100%| O|  |TAMS 0x0000000083100000, 0x0000000083100000| Untracked 
|  18|0x0000000083200000, 0x0000000083300000, 0x0000000083300000|100%| O|  |TAMS 0x0000000083200000, 0x0000000083200000| Untracked 
|  19|0x0000000083300000, 0x0000000083400000, 0x0000000083400000|100%| O|  |TAMS 0x0000000083300000, 0x0000000083300000| Untracked 
|  20|0x0000000083400000, 0x0000000083500000, 0x0000000083500000|100%| O|  |TAMS 0x0000000083400000, 0x0000000083400000| Untracked 
|  21|0x0000000083500000, 0x0000000083600000, 0x0000000083600000|100%| O|  |TAMS 0x0000000083500000, 0x0000000083500000| Untracked 
|  22|0x0000000083600000, 0x0000000083700000, 0x0000000083700000|100%|HS|  |TAMS 0x0000000083600000, 0x0000000083600000| Complete 
|  23|0x0000000083700000, 0x0000000083800000, 0x0000000083800000|100%|HS|  |TAMS 0x0000000083700000, 0x0000000083700000| Complete 
|  24|0x0000000083800000, 0x0000000083900000, 0x0000000083900000|100%| O|  |TAMS 0x0000000083800000, 0x0000000083800000| Untracked 
|  25|0x0000000083900000, 0x0000000083a00000, 0x0000000083a00000|100%| O|  |TAMS 0x0000000083900000, 0x0000000083900000| Untracked 
|  26|0x0000000083a00000, 0x0000000083b00000, 0x0000000083b00000|100%| O|  |TAMS 0x0000000083a00000, 0x0000000083a00000| Untracked 
|  27|0x0000000083b00000, 0x0000000083c00000, 0x0000000083c00000|100%| O|  |TAMS 0x0000000083b00000, 0x0000000083b00000| Untracked 
|  28|0x0000000083c00000, 0x0000000083d00000, 0x0000000083d00000|100%| O|  |TAMS 0x0000000083c00000, 0x0000000083c00000| Untracked 
|  29|0x0000000083d00000, 0x0000000083e00000, 0x0000000083e00000|100%| O|  |TAMS 0x0000000083d00000, 0x0000000083d00000| Untracked 
|  30|0x0000000083e00000, 0x0000000083f00000, 0x0000000083f00000|100%| O|  |TAMS 0x0000000083e00000, 0x0000000083e00000| Untracked 
|  31|0x0000000083f00000, 0x0000000084000000, 0x0000000084000000|100%| O|  |TAMS 0x0000000083f00000, 0x0000000083f00000| Untracked 
|  32|0x0000000084000000, 0x0000000084100000, 0x0000000084100000|100%| O|  |TAMS 0x0000000084000000, 0x0000000084000000| Untracked 
|  33|0x0000000084100000, 0x0000000084200000, 0x0000000084200000|100%| O|  |TAMS 0x0000000084100000, 0x0000000084100000| Untracked 
|  34|0x0000000084200000, 0x0000000084300000, 0x0000000084300000|100%| O|  |TAMS 0x0000000084200000, 0x0000000084200000| Untracked 
|  35|0x0000000084300000, 0x0000000084400000, 0x0000000084400000|100%| O|  |TAMS 0x0000000084300000, 0x0000000084300000| Untracked 
|  36|0x0000000084400000, 0x0000000084500000, 0x0000000084500000|100%| O|  |TAMS 0x0000000084400000, 0x0000000084400000| Untracked 
|  37|0x0000000084500000, 0x0000000084600000, 0x0000000084600000|100%|HS|  |TAMS 0x0000000084500000, 0x0000000084500000| Complete 
|  38|0x0000000084600000, 0x0000000084700000, 0x0000000084700000|100%| O|  |TAMS 0x0000000084600000, 0x0000000084600000| Untracked 
|  39|0x0000000084700000, 0x0000000084800000, 0x0000000084800000|100%| O|  |TAMS 0x0000000084700000, 0x0000000084700000| Untracked 
|  40|0x0000000084800000, 0x0000000084900000, 0x0000000084900000|100%| O|  |TAMS 0x0000000084800000, 0x0000000084800000| Untracked 
|  41|0x0000000084900000, 0x0000000084a00000, 0x0000000084a00000|100%| O|  |TAMS 0x0000000084900000, 0x0000000084900000| Untracked 
|  42|0x0000000084a00000, 0x0000000084b00000, 0x0000000084b00000|100%| O|  |TAMS 0x0000000084a00000, 0x0000000084a00000| Untracked 
|  43|0x0000000084b00000, 0x0000000084c00000, 0x0000000084c00000|100%| O|  |TAMS 0x0000000084b00000, 0x0000000084b00000| Untracked 
|  44|0x0000000084c00000, 0x0000000084d00000, 0x0000000084d00000|100%| O|  |TAMS 0x0000000084c00000, 0x0000000084c00000| Untracked 
|  45|0x0000000084d00000, 0x0000000084e00000, 0x0000000084e00000|100%| O|  |TAMS 0x0000000084d00000, 0x0000000084d00000| Untracked 
|  46|0x0000000084e00000, 0x0000000084f00000, 0x0000000084f00000|100%| O|  |TAMS 0x0000000084e00000, 0x0000000084e00000| Untracked 
|  47|0x0000000084f00000, 0x0000000085000000, 0x0000000085000000|100%| O|  |TAMS 0x0000000084f00000, 0x0000000084f00000| Untracked 
|  48|0x0000000085000000, 0x0000000085100000, 0x0000000085100000|100%| O|  |TAMS 0x0000000085000000, 0x0000000085000000| Untracked 
|  49|0x0000000085100000, 0x0000000085100000, 0x0000000085200000|  0%| F|  |TAMS 0x0000000085100000, 0x0000000085100000| Untracked 
|  50|0x0000000085200000, 0x0000000085200000, 0x0000000085300000|  0%| F|  |TAMS 0x0000000085200000, 0x0000000085200000| Untracked 
|  51|0x0000000085300000, 0x0000000085300000, 0x0000000085400000|  0%| F|  |TAMS 0x0000000085300000, 0x0000000085300000| Untracked 
|  52|0x0000000085400000, 0x0000000085400000, 0x0000000085500000|  0%| F|  |TAMS 0x0000000085400000, 0x0000000085400000| Untracked 
|  53|0x0000000085500000, 0x0000000085500000, 0x0000000085600000|  0%| F|  |TAMS 0x0000000085500000, 0x0000000085500000| Untracked 
|  54|0x0000000085600000, 0x0000000085600000, 0x0000000085700000|  0%| F|  |TAMS 0x0000000085600000, 0x0000000085600000| Untracked 
|  55|0x0000000085700000, 0x0000000085700000, 0x0000000085800000|  0%| F|  |TAMS 0x0000000085700000, 0x0000000085700000| Untracked 
|  56|0x0000000085800000, 0x0000000085800000, 0x0000000085900000|  0%| F|  |TAMS 0x0000000085800000, 0x0000000085800000| Untracked 
|  57|0x0000000085900000, 0x0000000085900000, 0x0000000085a00000|  0%| F|  |TAMS 0x0000000085900000, 0x0000000085900000| Untracked 
|  58|0x0000000085a00000, 0x0000000085a00000, 0x0000000085b00000|  0%| F|  |TAMS 0x0000000085a00000, 0x0000000085a00000| Untracked 
|  59|0x0000000085b00000, 0x0000000085b00000, 0x0000000085c00000|  0%| F|  |TAMS 0x0000000085b00000, 0x0000000085b00000| Untracked 
|  60|0x0000000085c00000, 0x0000000085c00000, 0x0000000085d00000|  0%| F|  |TAMS 0x0000000085c00000, 0x0000000085c00000| Untracked 
|  61|0x0000000085d00000, 0x0000000085d00000, 0x0000000085e00000|  0%| F|  |TAMS 0x0000000085d00000, 0x0000000085d00000| Untracked 
|  62|0x0000000085e00000, 0x0000000085e00000, 0x0000000085f00000|  0%| F|  |TAMS 0x0000000085e00000, 0x0000000085e00000| Untracked 
|  63|0x0000000085f00000, 0x0000000085f00000, 0x0000000086000000|  0%| F|  |TAMS 0x0000000085f00000, 0x0000000085f00000| Untracked 
|  64|0x0000000086000000, 0x0000000086000000, 0x0000000086100000|  0%| F|  |TAMS 0x0000000086000000, 0x0000000086000000| Untracked 
|  65|0x0000000086100000, 0x0000000086100000, 0x0000000086200000|  0%| F|  |TAMS 0x0000000086100000, 0x0000000086100000| Untracked 
|  66|0x0000000086200000, 0x0000000086200000, 0x0000000086300000|  0%| F|  |TAMS 0x0000000086200000, 0x0000000086200000| Untracked 
|  67|0x0000000086300000, 0x0000000086300000, 0x0000000086400000|  0%| F|  |TAMS 0x0000000086300000, 0x0000000086300000| Untracked 
|  68|0x0000000086400000, 0x0000000086400000, 0x0000000086500000|  0%| F|  |TAMS 0x0000000086400000, 0x0000000086400000| Untracked 
|  69|0x0000000086500000, 0x0000000086500000, 0x0000000086600000|  0%| F|  |TAMS 0x0000000086500000, 0x0000000086500000| Untracked 
|  70|0x0000000086600000, 0x0000000086600000, 0x0000000086700000|  0%| F|  |TAMS 0x0000000086600000, 0x0000000086600000| Untracked 
|  71|0x0000000086700000, 0x0000000086700000, 0x0000000086800000|  0%| F|  |TAMS 0x0000000086700000, 0x0000000086700000| Untracked 
|  72|0x0000000086800000, 0x0000000086800000, 0x0000000086900000|  0%| F|  |TAMS 0x0000000086800000, 0x0000000086800000| Untracked 
|  73|0x0000000086900000, 0x0000000086900000, 0x0000000086a00000|  0%| F|  |TAMS 0x0000000086900000, 0x0000000086900000| Untracked 
|  74|0x0000000086a00000, 0x0000000086a00000, 0x0000000086b00000|  0%| F|  |TAMS 0x0000000086a00000, 0x0000000086a00000| Untracked 
|  75|0x0000000086b00000, 0x0000000086b00000, 0x0000000086c00000|  0%| F|  |TAMS 0x0000000086b00000, 0x0000000086b00000| Untracked 
|  76|0x0000000086c00000, 0x0000000086c00000, 0x0000000086d00000|  0%| F|  |TAMS 0x0000000086c00000, 0x0000000086c00000| Untracked 
|  77|0x0000000086d00000, 0x0000000086d00000, 0x0000000086e00000|  0%| F|  |TAMS 0x0000000086d00000, 0x0000000086d00000| Untracked 
|  78|0x0000000086e00000, 0x0000000086e00000, 0x0000000086f00000|  0%| F|  |TAMS 0x0000000086e00000, 0x0000000086e00000| Untracked 
|  79|0x0000000086f00000, 0x0000000086f00000, 0x0000000087000000|  0%| F|  |TAMS 0x0000000086f00000, 0x0000000086f00000| Untracked 
|  80|0x0000000087000000, 0x0000000087000000, 0x0000000087100000|  0%| F|  |TAMS 0x0000000087000000, 0x0000000087000000| Untracked 
|  81|0x0000000087100000, 0x0000000087100000, 0x0000000087200000|  0%| F|  |TAMS 0x0000000087100000, 0x0000000087100000| Untracked 
|  82|0x0000000087200000, 0x0000000087200000, 0x0000000087300000|  0%| F|  |TAMS 0x0000000087200000, 0x0000000087200000| Untracked 
|  83|0x0000000087300000, 0x0000000087300000, 0x0000000087400000|  0%| F|  |TAMS 0x0000000087300000, 0x0000000087300000| Untracked 
|  84|0x0000000087400000, 0x0000000087400000, 0x0000000087500000|  0%| F|  |TAMS 0x0000000087400000, 0x0000000087400000| Untracked 
|  85|0x0000000087500000, 0x0000000087500000, 0x0000000087600000|  0%| F|  |TAMS 0x0000000087500000, 0x0000000087500000| Untracked 
|  86|0x0000000087600000, 0x0000000087700000, 0x0000000087700000|100%| S|CS|TAMS 0x0000000087600000, 0x0000000087600000| Complete 
|  87|0x0000000087700000, 0x0000000087800000, 0x0000000087800000|100%| S|CS|TAMS 0x0000000087700000, 0x0000000087700000| Complete 
|  88|0x0000000087800000, 0x0000000087900000, 0x0000000087900000|100%| S|CS|TAMS 0x0000000087800000, 0x0000000087800000| Complete 
|  89|0x0000000087900000, 0x0000000087a00000, 0x0000000087a00000|100%| S|CS|TAMS 0x0000000087900000, 0x0000000087900000| Complete 
|  90|0x0000000087a00000, 0x0000000087a00000, 0x0000000087b00000|  0%| F|  |TAMS 0x0000000087a00000, 0x0000000087a00000| Untracked 
|  91|0x0000000087b00000, 0x0000000087b00000, 0x0000000087c00000|  0%| F|  |TAMS 0x0000000087b00000, 0x0000000087b00000| Untracked 
|  92|0x0000000087c00000, 0x0000000087c00000, 0x0000000087d00000|  0%| F|  |TAMS 0x0000000087c00000, 0x0000000087c00000| Untracked 
|  93|0x0000000087d00000, 0x0000000087d00000, 0x0000000087e00000|  0%| F|  |TAMS 0x0000000087d00000, 0x0000000087d00000| Untracked 
|  94|0x0000000087e00000, 0x0000000087e00000, 0x0000000087f00000|  0%| F|  |TAMS 0x0000000087e00000, 0x0000000087e00000| Untracked 
|  95|0x0000000087f00000, 0x0000000087f00000, 0x0000000088000000|  0%| F|  |TAMS 0x0000000087f00000, 0x0000000087f00000| Untracked 
|  96|0x0000000088000000, 0x0000000088000000, 0x0000000088100000|  0%| F|  |TAMS 0x0000000088000000, 0x0000000088000000| Untracked 
|  97|0x0000000088100000, 0x0000000088100000, 0x0000000088200000|  0%| F|  |TAMS 0x0000000088100000, 0x0000000088100000| Untracked 
|  98|0x0000000088200000, 0x0000000088200000, 0x0000000088300000|  0%| F|  |TAMS 0x0000000088200000, 0x0000000088200000| Untracked 
|  99|0x0000000088300000, 0x0000000088300000, 0x0000000088400000|  0%| F|  |TAMS 0x0000000088300000, 0x0000000088300000| Untracked 
| 100|0x0000000088400000, 0x0000000088400000, 0x0000000088500000|  0%| F|  |TAMS 0x0000000088400000, 0x0000000088400000| Untracked 
| 101|0x0000000088500000, 0x0000000088500000, 0x0000000088600000|  0%| F|  |TAMS 0x0000000088500000, 0x0000000088500000| Untracked 
| 102|0x0000000088600000, 0x0000000088600000, 0x0000000088700000|  0%| F|  |TAMS 0x0000000088600000, 0x0000000088600000| Untracked 
| 103|0x0000000088700000, 0x0000000088700000, 0x0000000088800000|  0%| F|  |TAMS 0x0000000088700000, 0x0000000088700000| Untracked 
| 104|0x0000000088800000, 0x0000000088800000, 0x0000000088900000|  0%| F|  |TAMS 0x0000000088800000, 0x0000000088800000| Untracked 
| 105|0x0000000088900000, 0x0000000088900000, 0x0000000088a00000|  0%| F|  |TAMS 0x0000000088900000, 0x0000000088900000| Untracked 
| 106|0x0000000088a00000, 0x0000000088a00000, 0x0000000088b00000|  0%| F|  |TAMS 0x0000000088a00000, 0x0000000088a00000| Untracked 
| 107|0x0000000088b00000, 0x0000000088b00000, 0x0000000088c00000|  0%| F|  |TAMS 0x0000000088b00000, 0x0000000088b00000| Untracked 
| 108|0x0000000088c00000, 0x0000000088c00000, 0x0000000088d00000|  0%| F|  |TAMS 0x0000000088c00000, 0x0000000088c00000| Untracked 
| 109|0x0000000088d00000, 0x0000000088d00000, 0x0000000088e00000|  0%| F|  |TAMS 0x0000000088d00000, 0x0000000088d00000| Untracked 
| 110|0x0000000088e00000, 0x0000000088e00000, 0x0000000088f00000|  0%| F|  |TAMS 0x0000000088e00000, 0x0000000088e00000| Untracked 
| 111|0x0000000088f00000, 0x0000000088f00000, 0x0000000089000000|  0%| F|  |TAMS 0x0000000088f00000, 0x0000000088f00000| Untracked 
| 112|0x0000000089000000, 0x0000000089000000, 0x0000000089100000|  0%| F|  |TAMS 0x0000000089000000, 0x0000000089000000| Untracked 
| 113|0x0000000089100000, 0x0000000089100000, 0x0000000089200000|  0%| F|  |TAMS 0x0000000089100000, 0x0000000089100000| Untracked 
| 114|0x0000000089200000, 0x0000000089200000, 0x0000000089300000|  0%| F|  |TAMS 0x0000000089200000, 0x0000000089200000| Untracked 
| 115|0x0000000089300000, 0x0000000089300000, 0x0000000089400000|  0%| F|  |TAMS 0x0000000089300000, 0x0000000089300000| Untracked 
| 116|0x0000000089400000, 0x0000000089400000, 0x0000000089500000|  0%| F|  |TAMS 0x0000000089400000, 0x0000000089400000| Untracked 
| 117|0x0000000089500000, 0x0000000089500000, 0x0000000089600000|  0%| F|  |TAMS 0x0000000089500000, 0x0000000089500000| Untracked 
| 118|0x0000000089600000, 0x0000000089600000, 0x0000000089700000|  0%| F|  |TAMS 0x0000000089600000, 0x0000000089600000| Untracked 
| 119|0x0000000089700000, 0x0000000089700000, 0x0000000089800000|  0%| F|  |TAMS 0x0000000089700000, 0x0000000089700000| Untracked 
| 120|0x0000000089800000, 0x0000000089800000, 0x0000000089900000|  0%| F|  |TAMS 0x0000000089800000, 0x0000000089800000| Untracked 
| 121|0x0000000089900000, 0x0000000089900000, 0x0000000089a00000|  0%| F|  |TAMS 0x0000000089900000, 0x0000000089900000| Untracked 
| 122|0x0000000089a00000, 0x0000000089a00000, 0x0000000089b00000|  0%| F|  |TAMS 0x0000000089a00000, 0x0000000089a00000| Untracked 
| 123|0x0000000089b00000, 0x0000000089b00000, 0x0000000089c00000|  0%| F|  |TAMS 0x0000000089b00000, 0x0000000089b00000| Untracked 
| 124|0x0000000089c00000, 0x0000000089c00000, 0x0000000089d00000|  0%| F|  |TAMS 0x0000000089c00000, 0x0000000089c00000| Untracked 
| 125|0x0000000089d00000, 0x0000000089d00000, 0x0000000089e00000|  0%| F|  |TAMS 0x0000000089d00000, 0x0000000089d00000| Untracked 
| 126|0x0000000089e00000, 0x0000000089e00000, 0x0000000089f00000|  0%| F|  |TAMS 0x0000000089e00000, 0x0000000089e00000| Untracked 
| 127|0x0000000089f00000, 0x0000000089f00000, 0x000000008a000000|  0%| F|  |TAMS 0x0000000089f00000, 0x0000000089f00000| Untracked 
| 128|0x000000008a000000, 0x000000008a000000, 0x000000008a100000|  0%| F|  |TAMS 0x000000008a000000, 0x000000008a000000| Untracked 
| 129|0x000000008a100000, 0x000000008a100000, 0x000000008a200000|  0%| F|  |TAMS 0x000000008a100000, 0x000000008a100000| Untracked 
| 130|0x000000008a200000, 0x000000008a200000, 0x000000008a300000|  0%| F|  |TAMS 0x000000008a200000, 0x000000008a200000| Untracked 
| 131|0x000000008a300000, 0x000000008a300000, 0x000000008a400000|  0%| F|  |TAMS 0x000000008a300000, 0x000000008a300000| Untracked 
| 132|0x000000008a400000, 0x000000008a400000, 0x000000008a500000|  0%| F|  |TAMS 0x000000008a400000, 0x000000008a400000| Untracked 
| 133|0x000000008a500000, 0x000000008a500000, 0x000000008a600000|  0%| F|  |TAMS 0x000000008a500000, 0x000000008a500000| Untracked 
| 134|0x000000008a600000, 0x000000008a600000, 0x000000008a700000|  0%| F|  |TAMS 0x000000008a600000, 0x000000008a600000| Untracked 
| 135|0x000000008a700000, 0x000000008a700000, 0x000000008a800000|  0%| F|  |TAMS 0x000000008a700000, 0x000000008a700000| Untracked 
| 136|0x000000008a800000, 0x000000008a800000, 0x000000008a900000|  0%| F|  |TAMS 0x000000008a800000, 0x000000008a800000| Untracked 
| 137|0x000000008a900000, 0x000000008a900000, 0x000000008aa00000|  0%| F|  |TAMS 0x000000008a900000, 0x000000008a900000| Untracked 
| 138|0x000000008aa00000, 0x000000008aa00000, 0x000000008ab00000|  0%| F|  |TAMS 0x000000008aa00000, 0x000000008aa00000| Untracked 
| 139|0x000000008ab00000, 0x000000008ab00000, 0x000000008ac00000|  0%| F|  |TAMS 0x000000008ab00000, 0x000000008ab00000| Untracked 
| 140|0x000000008ac00000, 0x000000008ac00000, 0x000000008ad00000|  0%| F|  |TAMS 0x000000008ac00000, 0x000000008ac00000| Untracked 
| 141|0x000000008ad00000, 0x000000008ad00000, 0x000000008ae00000|  0%| F|  |TAMS 0x000000008ad00000, 0x000000008ad00000| Untracked 
| 142|0x000000008ae00000, 0x000000008ae00000, 0x000000008af00000|  0%| F|  |TAMS 0x000000008ae00000, 0x000000008ae00000| Untracked 
| 143|0x000000008af00000, 0x000000008b000000, 0x000000008b000000|100%| E|  |TAMS 0x000000008af00000, 0x000000008af00000| Complete 
| 144|0x000000008b000000, 0x000000008b100000, 0x000000008b100000|100%| E|CS|TAMS 0x000000008b000000, 0x000000008b000000| Complete 
| 145|0x000000008b100000, 0x000000008b200000, 0x000000008b200000|100%| E|CS|TAMS 0x000000008b100000, 0x000000008b100000| Complete 
| 146|0x000000008b200000, 0x000000008b300000, 0x000000008b300000|100%| E|CS|TAMS 0x000000008b200000, 0x000000008b200000| Complete 
| 147|0x000000008b300000, 0x000000008b400000, 0x000000008b400000|100%| E|CS|TAMS 0x000000008b300000, 0x000000008b300000| Complete 
| 148|0x000000008b400000, 0x000000008b500000, 0x000000008b500000|100%| E|CS|TAMS 0x000000008b400000, 0x000000008b400000| Complete 
| 149|0x000000008b500000, 0x000000008b600000, 0x000000008b600000|100%| E|CS|TAMS 0x000000008b500000, 0x000000008b500000| Complete 
| 150|0x000000008b600000, 0x000000008b700000, 0x000000008b700000|100%| E|CS|TAMS 0x000000008b600000, 0x000000008b600000| Complete 
| 151|0x000000008b700000, 0x000000008b800000, 0x000000008b800000|100%| E|CS|TAMS 0x000000008b700000, 0x000000008b700000| Complete 

Card table byte_map: [0x000001ecb17a0000,0x000001ecb1b90000] _byte_map_base: 0x000001ecb1390000

Marking Bits (Prev, Next): (CMBitMap*) 0x000001ec99c09e20, (CMBitMap*) 0x000001ec99c09de8
 Prev Bits: [0x000001ecb3f00000, 0x000001ecb5e80000)
 Next Bits: [0x000001ecb1f80000, 0x000001ecb3f00000)

Polling page: 0x000001ec97b20000

Metaspace:

Usage:
  Non-class:     30.48 MB capacity,    30.10 MB ( 99%) used,   336.98 KB (  1%) free+waste,    56.81 KB ( <1%) overhead. 
      Class:      3.70 MB capacity,     3.47 MB ( 94%) used,   211.95 KB (  6%) free+waste,    22.56 KB ( <1%) overhead. 
       Both:     34.18 MB capacity,    33.57 MB ( 98%) used,   548.93 KB (  2%) free+waste,    79.38 KB ( <1%) overhead. 

Virtual space:
  Non-class space:       32.00 MB reserved,      30.67 MB ( 96%) committed 
      Class space:        1.00 GB reserved,       3.75 MB ( <1%) committed 
             Both:        1.03 GB reserved,      34.42 MB (  3%) committed 

Chunk freelists:
   Non-Class:  128 bytes
       Class:  2.75 KB
        Both:  2.88 KB

CodeHeap 'non-profiled nmethods': size=120000Kb used=4168Kb max_used=4168Kb free=115831Kb
 bounds [0x000001eca9b50000, 0x000001eca9f70000, 0x000001ecb1080000]
CodeHeap 'profiled nmethods': size=120000Kb used=15448Kb max_used=15448Kb free=104551Kb
 bounds [0x000001eca2620000, 0x000001eca3540000, 0x000001eca9b50000]
CodeHeap 'non-nmethods': size=5760Kb used=1144Kb max_used=1184Kb free=4615Kb
 bounds [0x000001eca2080000, 0x000001eca22f0000, 0x000001eca2620000]
 total_blobs=6869 nmethods=6386 adapters=392
 compilation: enabled
              stopped_count=0, restarted_count=0
 full_count=0

Compilation events (10 events):
Event: 9.905 Thread 0x000001ecb9249800 6323       2       java.util.stream.ReferencePipeline$2::<init> (20 bytes)
Event: 9.905 Thread 0x000001ecb9249800 nmethod 6323 0x000001eca350c490 code [0x000001eca350c640, 0x000001eca350c828]
Event: 9.906 Thread 0x000001ecb9249800 6332       2       com.sun.tools.javac.comp.TypeEnvs::get (12 bytes)
Event: 9.906 Thread 0x000001ecb9249800 nmethod 6332 0x000001eca350c910 code [0x000001eca350cac0, 0x000001eca350cc08]
Event: 9.908 Thread 0x000001ecb9249800 6333       2       com.sun.tools.javac.comp.Annotate$$Lambda$141/0x0000000100378440::<init> (32 bytes)
Event: 9.908 Thread 0x000001ecb9249800 nmethod 6333 0x000001eca350cd10 code [0x000001eca350cec0, 0x000001eca350d178]
Event: 9.908 Thread 0x000001ecb9249800 6334       2       com.sun.tools.javac.comp.Annotate$$Lambda$142/0x0000000100378c40::<init> (26 bytes)
Event: 9.908 Thread 0x000001ecb9249800 nmethod 6334 0x000001eca350d210 code [0x000001eca350d3c0, 0x000001eca350d638]
Event: 9.909 Thread 0x000001ecb9249800 6336       2       com.sun.tools.javac.tree.JCTree::setType (7 bytes)
Event: 9.909 Thread 0x000001ecb9249800 nmethod 6336 0x000001eca350d710 code [0x000001eca350d8a0, 0x000001eca350d9f8]

GC Heap History (10 events):
Event: 2.999 GC heap before
{Heap before GC invocations=2 (full 0):
 garbage-first heap   total 129024K, used 36740K [0x0000000082000000, 0x0000000100000000)
  region size 1024K, 37 young (37888K), 10 survivors (10240K)
 Metaspace       used 20834K, capacity 21117K, committed 21296K, reserved 1069056K
  class space    used 2194K, capacity 2317K, committed 2432K, reserved 1048576K
}
Event: 3.012 GC heap after
{Heap after GC invocations=3 (full 0):
 garbage-first heap   total 129024K, used 14807K [0x0000000082000000, 0x0000000100000000)
  region size 1024K, 5 young (5120K), 5 survivors (5120K)
 Metaspace       used 20834K, capacity 21117K, committed 21296K, reserved 1069056K
  class space    used 2194K, capacity 2317K, committed 2432K, reserved 1048576K
}
Event: 5.304 GC heap before
{Heap before GC invocations=4 (full 0):
 garbage-first heap   total 129024K, used 86487K [0x0000000082000000, 0x0000000100000000)
  region size 1024K, 75 young (76800K), 5 survivors (5120K)
 Metaspace       used 21463K, capacity 21778K, committed 22064K, reserved 1069056K
  class space    used 2211K, capacity 2323K, committed 2432K, reserved 1048576K
}
Event: 5.313 GC heap after
{Heap after GC invocations=5 (full 0):
 garbage-first heap   total 129024K, used 21259K [0x0000000082000000, 0x0000000100000000)
  region size 1024K, 10 young (10240K), 10 survivors (10240K)
 Metaspace       used 21463K, capacity 21778K, committed 22064K, reserved 1069056K
  class space    used 2211K, capacity 2323K, committed 2432K, reserved 1048576K
}
Event: 6.893 GC heap before
{Heap before GC invocations=5 (full 0):
 garbage-first heap   total 129024K, used 87819K [0x0000000082000000, 0x0000000100000000)
  region size 1024K, 75 young (76800K), 10 survivors (10240K)
 Metaspace       used 24905K, capacity 25399K, committed 25520K, reserved 1073152K
  class space    used 2576K, capacity 2745K, committed 2816K, reserved 1048576K
}
Event: 6.906 GC heap after
{Heap after GC invocations=6 (full 0):
 garbage-first heap   total 129024K, used 26019K [0x0000000082000000, 0x0000000100000000)
  region size 1024K, 4 young (4096K), 4 survivors (4096K)
 Metaspace       used 24905K, capacity 25399K, committed 25520K, reserved 1073152K
  class space    used 2576K, capacity 2745K, committed 2816K, reserved 1048576K
}
Event: 7.940 GC heap before
{Heap before GC invocations=6 (full 0):
 garbage-first heap   total 129024K, used 94627K [0x0000000082000000, 0x0000000100000000)
  region size 1024K, 70 young (71680K), 4 survivors (4096K)
 Metaspace       used 31098K, capacity 31685K, committed 31920K, reserved 1077248K
  class space    used 3284K, capacity 3501K, committed 3584K, reserved 1048576K
}
Event: 7.950 GC heap after
{Heap after GC invocations=7 (full 0):
 garbage-first heap   total 155648K, used 34400K [0x0000000082000000, 0x0000000100000000)
  region size 1024K, 9 young (9216K), 9 survivors (9216K)
 Metaspace       used 31098K, capacity 31685K, committed 31920K, reserved 1077248K
  class space    used 3284K, capacity 3501K, committed 3584K, reserved 1048576K
}
Event: 9.109 GC heap before
{Heap before GC invocations=7 (full 0):
 garbage-first heap   total 155648K, used 108128K [0x0000000082000000, 0x0000000100000000)
  region size 1024K, 82 young (83968K), 9 survivors (9216K)
 Metaspace       used 32044K, capacity 32668K, committed 32688K, reserved 1079296K
  class space    used 3341K, capacity 3569K, committed 3584K, reserved 1048576K
}
Event: 9.128 GC heap after
{Heap after GC invocations=8 (full 0):
 garbage-first heap   total 155648K, used 48786K [0x0000000082000000, 0x0000000100000000)
  region size 1024K, 11 young (11264K), 11 survivors (11264K)
 Metaspace       used 32044K, capacity 32668K, committed 32688K, reserved 1079296K
  class space    used 3341K, capacity 3569K, committed 3584K, reserved 1048576K
}

Deoptimization events (10 events):
Event: 9.717 Thread 0x000001ec99bcc800 Uncommon trap: reason=class_check action=maybe_recompile pc=0x000001eca9c96784 method=java.util.Collections$UnmodifiableMap$UnmodifiableEntrySet$UnmodifiableEntry.getValue()Ljava/lang/Object; @ 4 c2
Event: 9.717 Thread 0x000001ec99bcc800 Uncommon trap: reason=class_check action=maybe_recompile pc=0x000001eca9c75990 method=java.util.Collections$UnmodifiableMap$UnmodifiableEntrySet$1.hasNext()Z @ 4 c2
Event: 9.717 Thread 0x000001ec99bcc800 Uncommon trap: reason=class_check action=maybe_recompile pc=0x000001eca9c95804 method=java.util.Collections$UnmodifiableMap$UnmodifiableEntrySet$1.next()Ljava/util/Map$Entry; @ 8 c2
Event: 9.717 Thread 0x000001ec99bcc800 Uncommon trap: reason=class_check action=maybe_recompile pc=0x000001eca9c96484 method=java.util.Collections$UnmodifiableMap$UnmodifiableEntrySet$UnmodifiableEntry.getKey()Ljava/lang/Object; @ 4 c2
Event: 9.717 Thread 0x000001ec99bcc800 Uncommon trap: reason=class_check action=maybe_recompile pc=0x000001eca9c96784 method=java.util.Collections$UnmodifiableMap$UnmodifiableEntrySet$UnmodifiableEntry.getValue()Ljava/lang/Object; @ 4 c2
Event: 9.717 Thread 0x000001ec99bcc800 Uncommon trap: reason=class_check action=maybe_recompile pc=0x000001eca9c75990 method=java.util.Collections$UnmodifiableMap$UnmodifiableEntrySet$1.hasNext()Z @ 4 c2
Event: 9.717 Thread 0x000001ec99bcc800 Uncommon trap: reason=class_check action=maybe_recompile pc=0x000001eca9c95804 method=java.util.Collections$UnmodifiableMap$UnmodifiableEntrySet$1.next()Ljava/util/Map$Entry; @ 8 c2
Event: 9.717 Thread 0x000001ec99bcc800 Uncommon trap: reason=class_check action=maybe_recompile pc=0x000001eca9c96484 method=java.util.Collections$UnmodifiableMap$UnmodifiableEntrySet$UnmodifiableEntry.getKey()Ljava/lang/Object; @ 4 c2
Event: 9.717 Thread 0x000001ec99bcc800 Uncommon trap: reason=class_check action=maybe_recompile pc=0x000001eca9c96784 method=java.util.Collections$UnmodifiableMap$UnmodifiableEntrySet$UnmodifiableEntry.getValue()Ljava/lang/Object; @ 4 c2
Event: 9.800 Thread 0x000001ec99bcc800 Uncommon trap: reason=unstable_if action=reinterpret pc=0x000001eca9f01140 method=java.util.HashMap.removeNode(ILjava/lang/Object;Ljava/lang/Object;ZZ)Ljava/util/HashMap$Node; @ 62 c2

Classes redefined (0 events):
No events

Internal exceptions (10 events):
Event: 9.315 Thread 0x000001ec99bcc800 Exception <a 'sun/nio/fs/WindowsException'{0x000000008b276488}> (0x000000008b276488) thrown at [./open/src/hotspot/share/prims/jni.cpp, line 611]
Event: 9.316 Thread 0x000001ec99bcc800 Exception <a 'sun/nio/fs/WindowsException'{0x000000008b27d608}> (0x000000008b27d608) thrown at [./open/src/hotspot/share/prims/jni.cpp, line 611]
Event: 9.316 Thread 0x000001ec99bcc800 Exception <a 'sun/nio/fs/WindowsException'{0x000000008b27d848}> (0x000000008b27d848) thrown at [./open/src/hotspot/share/prims/jni.cpp, line 611]
Event: 9.316 Thread 0x000001ec99bcc800 Exception <a 'sun/nio/fs/WindowsException'{0x000000008b289360}> (0x000000008b289360) thrown at [./open/src/hotspot/share/prims/jni.cpp, line 611]
Event: 9.316 Thread 0x000001ec99bcc800 Exception <a 'sun/nio/fs/WindowsException'{0x000000008b2895e8}> (0x000000008b2895e8) thrown at [./open/src/hotspot/share/prims/jni.cpp, line 611]
Event: 9.316 Thread 0x000001ec99bcc800 Exception <a 'sun/nio/fs/WindowsException'{0x000000008b28a508}> (0x000000008b28a508) thrown at [./open/src/hotspot/share/prims/jni.cpp, line 611]
Event: 9.316 Thread 0x000001ec99bcc800 Exception <a 'sun/nio/fs/WindowsException'{0x000000008b28a818}> (0x000000008b28a818) thrown at [./open/src/hotspot/share/prims/jni.cpp, line 611]
Event: 9.435 Thread 0x000001ec99bcc800 Implicit null exception at 0x000001eca9c52831 to 0x000001eca9c52bd4
Event: 9.439 Thread 0x000001ec99bcc800 Implicit null exception at 0x000001eca9c51cd5 to 0x000001eca9c51e90
Event: 9.800 Thread 0x000001ec99bcc800 Implicit null exception at 0x000001eca9f00843 to 0x000001eca9f010ef

Events (10 events):
Event: 9.827 loading class lombok/launch/AnnotationProcessorHider$ClaimingProcessor
Event: 9.827 loading class lombok/launch/AnnotationProcessorHider$ClaimingProcessor done
Event: 9.830 loading class com/sun/tools/javac/code/Symtab
Event: 9.830 loading class com/sun/tools/javac/code/Symtab done
Event: 9.886 Executing VM operation: ICBufferFull
Event: 9.886 Executing VM operation: ICBufferFull done
Event: 9.892 Thread 0x000001ec99bcc800 DEOPT PACKING pc=0x000001eca3429751 sp=0x000000aa80bfcc40
Event: 9.892 Thread 0x000001ec99bcc800 DEOPT UNPACKING pc=0x000001eca20a6dde sp=0x000000aa80bfc138 mode 0
Event: 9.898 Thread 0x000001ec99bcc800 DEOPT PACKING pc=0x000001eca3442526 sp=0x000000aa80bfcb70
Event: 9.898 Thread 0x000001ec99bcc800 DEOPT UNPACKING pc=0x000001eca20a6dde sp=0x000000aa80bfc028 mode 0


Dynamic libraries:
0x00007ff76c690000 - 0x00007ff76c69f000 	C:\Program Files\Java\jdk-11.0.11\bin\java.exe
0x00007fff3ab40000 - 0x00007fff3ad47000 	C:\WINDOWS\SYSTEM32\ntdll.dll
0x00007fff39ee0000 - 0x00007fff39f9d000 	C:\WINDOWS\System32\KERNEL32.DLL
0x00007fff38410000 - 0x00007fff38784000 	C:\WINDOWS\System32\KERNELBASE.dll
0x00007fff38790000 - 0x00007fff388a1000 	C:\WINDOWS\System32\ucrtbase.dll
0x00007fff20d30000 - 0x00007fff20d48000 	C:\Program Files\Java\jdk-11.0.11\bin\jli.dll
0x00007fff20d10000 - 0x00007fff20d25000 	C:\Program Files\Java\jdk-11.0.11\bin\VCRUNTIME140.dll
0x00007fff39ab0000 - 0x00007fff39b5c000 	C:\WINDOWS\System32\ADVAPI32.dll
0x00007fff39fa0000 - 0x00007fff3a043000 	C:\WINDOWS\System32\msvcrt.dll
0x00007fff38f80000 - 0x00007fff3901d000 	C:\WINDOWS\System32\sechost.dll
0x00007fff38e50000 - 0x00007fff38f71000 	C:\WINDOWS\System32\RPCRT4.dll
0x00007fff3a390000 - 0x00007fff3a53c000 	C:\WINDOWS\System32\USER32.dll
0x00007fff382b0000 - 0x00007fff382d6000 	C:\WINDOWS\System32\win32u.dll
0x00007fff17e10000 - 0x00007fff180b5000 	C:\WINDOWS\WinSxS\amd64_microsoft.windows.common-controls_6595b64144ccf1df_6.0.22000.120_none_9d947278b86cc467\COMCTL32.dll
0x00007fff3aa60000 - 0x00007fff3aa89000 	C:\WINDOWS\System32\GDI32.dll
0x00007fff388b0000 - 0x00007fff389c2000 	C:\WINDOWS\System32\gdi32full.dll
0x00007fff38020000 - 0x00007fff380bd000 	C:\WINDOWS\System32\msvcp_win.dll
0x00007fff31750000 - 0x00007fff3175a000 	C:\WINDOWS\SYSTEM32\VERSION.dll
0x00007fff3a350000 - 0x00007fff3a381000 	C:\WINDOWS\System32\IMM32.DLL
0x00007fff1ea20000 - 0x00007fff1eabb000 	C:\Program Files\Java\jdk-11.0.11\bin\msvcp140.dll
0x00007ffee37e0000 - 0x00007ffee42de000 	C:\Program Files\Java\jdk-11.0.11\bin\server\jvm.dll
0x00007fff39a40000 - 0x00007fff39a48000 	C:\WINDOWS\System32\PSAPI.DLL
0x00007fff0f4f0000 - 0x00007fff0f4f9000 	C:\WINDOWS\SYSTEM32\WSOCK32.dll
0x00007fff31690000 - 0x00007fff316c3000 	C:\WINDOWS\SYSTEM32\WINMM.dll
0x00007fff3a050000 - 0x00007fff3a0bf000 	C:\WINDOWS\System32\WS2_32.dll
0x00007fff37140000 - 0x00007fff37158000 	C:\WINDOWS\SYSTEM32\kernel.appcore.dll
0x00007fff32d20000 - 0x00007fff32d30000 	C:\Program Files\Java\jdk-11.0.11\bin\verify.dll
0x00007fff356e0000 - 0x00007fff35901000 	C:\WINDOWS\SYSTEM32\DBGHELP.DLL
0x00007fff20c90000 - 0x00007fff20cc1000 	C:\WINDOWS\SYSTEM32\dbgcore.DLL
0x00007fff38230000 - 0x00007fff382b0000 	C:\WINDOWS\System32\bcryptPrimitives.dll
0x00007fff1ff10000 - 0x00007fff1ff38000 	C:\Program Files\Java\jdk-11.0.11\bin\java.dll
0x00007fff32cb0000 - 0x00007fff32cba000 	C:\Program Files\Java\jdk-11.0.11\bin\jimage.dll
0x00007fff20060000 - 0x00007fff20076000 	C:\Program Files\Java\jdk-11.0.11\bin\zip.dll
0x00007fff39290000 - 0x00007fff39a3a000 	C:\WINDOWS\System32\SHELL32.dll
0x00007fff361c0000 - 0x00007fff36a22000 	C:\WINDOWS\SYSTEM32\windows.storage.dll
0x00007fff3a6e0000 - 0x00007fff3aa58000 	C:\WINDOWS\System32\combase.dll
0x00007fff36050000 - 0x00007fff361b6000 	C:\WINDOWS\SYSTEM32\wintypes.dll
0x00007fff3a540000 - 0x00007fff3a62a000 	C:\WINDOWS\System32\SHCORE.dll
0x00007fff39a50000 - 0x00007fff39aad000 	C:\WINDOWS\System32\shlwapi.dll
0x00007fff37f50000 - 0x00007fff37f71000 	C:\WINDOWS\SYSTEM32\profapi.dll
0x00007fff1ea00000 - 0x00007fff1ea19000 	C:\Program Files\Java\jdk-11.0.11\bin\net.dll
0x00007fff32030000 - 0x00007fff3213c000 	C:\WINDOWS\SYSTEM32\WINHTTP.dll
0x00007fff375f0000 - 0x00007fff37657000 	C:\WINDOWS\system32\mswsock.dll
0x00007fff1e330000 - 0x00007fff1e342000 	C:\Program Files\Java\jdk-11.0.11\bin\nio.dll
0x00007fff32c10000 - 0x00007fff32c1a000 	C:\opt\apache-maven-3.8.1\lib\jansi-native\windows64\jansi.dll

dbghelp: loaded successfully - version: 4.0.5 - missing functions: none
symbol engine: initialized successfully - sym options: 0x614 - pdb path: .;C:\Program Files\Java\jdk-11.0.11\bin;C:\WINDOWS\SYSTEM32;C:\WINDOWS\WinSxS\amd64_microsoft.windows.common-controls_6595b64144ccf1df_6.0.22000.120_none_9d947278b86cc467;C:\Program Files\Java\jdk-11.0.11\bin\server;C:\opt\apache-maven-3.8.1\lib\jansi-native\windows64

VM Arguments:
jvm_args: -Dclassworlds.conf=C:\opt\apache-maven-3.8.1\bin\..\bin\m2.conf -Dmaven.home=C:\opt\apache-maven-3.8.1\bin\.. -Dlibrary.jansi.path=C:\opt\apache-maven-3.8.1\bin\..\lib\jansi-native -Dmaven.multiModuleProjectDirectory=E:\Univeit\spring-boot-apps\KCM 
java_command: org.codehaus.plexus.classworlds.launcher.Launcher package
java_class_path (initial): C:\opt\apache-maven-3.8.1\bin\..\boot\plexus-classworlds-2.6.0.jar
Launcher Type: SUN_STANDARD

[Global flags]
     intx CICompilerCount                          = 4                                         {product} {ergonomic}
     uint ConcGCThreads                            = 2                                         {product} {ergonomic}
     uint G1ConcRefinementThreads                  = 8                                         {product} {ergonomic}
   size_t G1HeapRegionSize                         = 1048576                                   {product} {ergonomic}
    uintx GCDrainStackTargetSize                   = 64                                        {product} {ergonomic}
   size_t InitialHeapSize                          = 132120576                                 {product} {ergonomic}
   size_t MarkStackSize                            = 4194304                                   {product} {ergonomic}
   size_t MaxHeapSize                              = 2113929216                                {product} {ergonomic}
   size_t MaxNewSize                               = 1267728384                                {product} {ergonomic}
   size_t MinHeapDeltaBytes                        = 1048576                                   {product} {ergonomic}
    uintx NonNMethodCodeHeapSize                   = 5836300                                {pd product} {ergonomic}
    uintx NonProfiledCodeHeapSize                  = 122910970                              {pd product} {ergonomic}
    uintx ProfiledCodeHeapSize                     = 122910970                              {pd product} {ergonomic}
    uintx ReservedCodeCacheSize                    = 251658240                              {pd product} {ergonomic}
     bool SegmentedCodeCache                       = true                                      {product} {ergonomic}
     bool UseCompressedClassPointers               = true                                 {lp64_product} {ergonomic}
     bool UseCompressedOops                        = true                                 {lp64_product} {ergonomic}
     bool UseG1GC                                  = true                                      {product} {ergonomic}
     bool UseLargePagesIndividualAllocation        = false                                  {pd product} {ergonomic}

Logging:
Log output configuration:
 #0: stdout all=warning uptime,level,tags
 #1: stderr all=off uptime,level,tags

Environment Variables:
JAVA_HOME=C:\Program Files\Java\jdk-11.0.11
PATH=C:\Program Files\Microsoft MPI\Bin\;C:\windows\system32;C:\windows;C:\windows\System32\Wbem;C:\windows\System32\WindowsPowerShell\v1.0\;C:\windows\System32\OpenSSH\;C:\Program Files (x86)\NVIDIA Corporation\PhysX\Common;C:\Program Files (x86)\Intel\Intel(R) Management Engine Components\DAL;C:\Program Files\Intel\Intel(R) Management Engine Components\DAL;C:\WINDOWS\system32;C:\WINDOWS;C:\WINDOWS\System32\Wbem;C:\WINDOWS\System32\WindowsPowerShell\v1.0\;C:\WINDOWS\System32\OpenSSH\;C:\Users\wssil\AppData\Roaming\nvm;C:\Program Files\nodejs;C:\ProgramData\chocolatey\bin;C:\Program Files\Java\jdk-11.0.11\bin;C:\Program Files\Git\cmd;C:\Program Files\Microsoft\Web Platform Installer\;C:\Program Files (x86)\Microsoft SQL Server\150\Tools\Binn\;C:\Program Files\Microsoft SQL Server\150\Tools\Binn\;C:\Program Files (x86)\Microsoft SQL Server\150\DTS\Binn\;C:\Program Files\Microsoft SQL Server\150\DTS\Binn\;C:\Program Files\Microsoft SQL Server\Client SDK\ODBC\170\Tools\Binn\;C:\Program Files\Azure Data Studio\bin;C:\Program Files\dotnet\;C:\Users\wssil\AppData\Local\Programs\Python\Python39\Scripts\;C:\Users\wssil\AppData\Local\Programs\Python\Python39\;C:\Program Files\MySQL\MySQL Shell 8.0\bin\;C:\Users\wssil\AppData\Local\Microsoft\WindowsApps;C:\Users\wssil\AppData\Local\Programs\Microsoft VS Code\bin;C:\Users\wssil\AppData\Roaming\nvm;C:\Program Files\nodejs;C:\Users\wssil\AppData\Local\Android\Sdk\platform-tools;C:\opt\apache-maven-3.8.1\bin;C:\opt\ffmpeg-4.4-full_build-shared\bin;;C:\Program Files\Azure Data Studio\bin;C:\Users\wssil\.dotnet\tools
USERNAME=wssil
OS=Windows_NT
PROCESSOR_IDENTIFIER=Intel64 Family 6 Model 142 Stepping 12, GenuineIntel



---------------  S Y S T E M  ---------------

OS: Windows 10 , 64 bit Build 22000 (10.0.22000.282)

CPU:total 8 (initial active 8) (4 cores per cpu, 2 threads per core) family 6 model 142 stepping 12 microcode 0xde, cmov, cx8, fxsr, mmx, sse, sse2, sse3, ssse3, sse4.1, sse4.2, popcnt, avx, avx2, aes, clmul, erms, 3dnowpref, lzcnt, ht, tsc, tscinvbit, bmi1, bmi2, adx, fma

Memory: 4k page, system-wide physical 8062M (768M free)
TotalPageFile size 8062M (AvailPageFile size 5M)
current process WorkingSet (physical memory assigned to process): 313M, peak: 313M
current process commit charge ("private bytes"): 352M, peak: 354M

vm_info: Java HotSpot(TM) 64-Bit Server VM (11.0.11+9-LTS-194) for windows-amd64 JRE (11.0.11+9-LTS-194), built on Mar 18 2021 18:46:53 by "mach5one" with MS VC++ 15.9 (VS2017)

END.
