#
# There is insufficient memory for the Java Runtime Environment to continue.
# Native memory allocation (mmap) failed to map 132120576 bytes for Failed to commit area from 0x0000000082000000 to 0x0000000089e00000 of length 132120576.
# Possible reasons:
#   The system is out of physical RAM or swap space
#   The process is running with CompressedOops enabled, and the Java Heap may be blocking the growth of the native heap
# Possible solutions:
#   Reduce memory load on the system
#   Increase physical memory or swap space
#   Check if swap backing store is full
#   Decrease Java heap size (-Xmx/-Xms)
#   Decrease number of Java threads
#   Decrease Java thread stack sizes (-Xss)
#   Set larger code cache with -XX:ReservedCodeCacheSize=
# This output file may be truncated or incomplete.
#
#  Out of Memory Error (./open/src/hotspot/os/windows/os_windows.cpp:3273), pid=11296, tid=3668
#
# JRE version:  (11.0.11+9) (build )
# Java VM: Java HotSpot(TM) 64-Bit Server VM (11.0.11+9-LTS-194, mixed mode, sharing, tiered, compressed oops, g1 gc, windows-amd64)
# No core dump will be written. Minidumps are not enabled by default on client versions of Windows
#

---------------  S U M M A R Y ------------

Command Line: C:\Users\wssil\AppData\Local\Temp\surefire12477478897243978900\surefirebooter16578760900873165377.jar C:\Users\wssil\AppData\Local\Temp\surefire12477478897243978900 2021-11-09T00-08-45_667-jvmRun1 surefire7805385224125394980tmp surefire_010831483574522996993tmp

Host: Intel(R) Core(TM) i7-8565U CPU @ 1.80GHz, 8 cores, 7G,  Windows 10 , 64 bit Build 22000 (10.0.22000.282)
Time: Tue Nov  9 00:08:48 2021 E. Africa Standard Time elapsed time: 0.027004 seconds (0d 0h 0m 0s)

---------------  T H R E A D  ---------------

Current thread (0x00000166385ce800):  JavaThread "Unknown thread" [_thread_in_vm, id=3668, stack(0x000000170be00000,0x000000170bf00000)]

Stack: [0x000000170be00000,0x000000170bf00000]
Native frames: (J=compiled Java code, j=interpreted, Vv=VM code, C=native code)
V  [jvm.dll+0x616f2a]
V  [jvm.dll+0x74de7f]
V  [jvm.dll+0x74f505]
V  [jvm.dll+0x74fb83]
V  [jvm.dll+0x2436d8]
V  [jvm.dll+0x61431a]
V  [jvm.dll+0x6090f5]
V  [jvm.dll+0x2f7eec]
V  [jvm.dll+0x2f7d72]
V  [jvm.dll+0x2fca26]
V  [jvm.dll+0x33efef]
V  [jvm.dll+0x33ea20]
V  [jvm.dll+0x2d5608]
V  [jvm.dll+0x2d6766]
V  [jvm.dll+0x7299e7]
V  [jvm.dll+0x72b28f]
V  [jvm.dll+0x34bd39]
V  [jvm.dll+0x70f360]
V  [jvm.dll+0x3b50df]
V  [jvm.dll+0x3b71e1]
C  [jli.dll+0x520b]
C  [ucrtbase.dll+0x26c0c]
C  [KERNEL32.DLL+0x154e0]
C  [ntdll.dll+0x485b]


---------------  P R O C E S S  ---------------

Threads class SMR info:
_java_thread_list=0x0000016636538b40, length=0, elements={
}

Java Threads: ( => current thread )

Other Threads:
  0x00000166385e1000 GCTaskThread "GC Thread#0" [stack: 0x000000170bf00000,0x000000170c000000] [id=11052]
  0x0000016638613000 ConcurrentGCThread "G1 Main Marker" [stack: 0x000000170c000000,0x000000170c100000] [id=12552]
  0x0000016638614000 ConcurrentGCThread "G1 Conc#0" [stack: 0x000000170c100000,0x000000170c200000] [id=10476]

[error occurred during error reporting (printing all threads), id 0xc0000005, EXCEPTION_ACCESS_VIOLATION (0xc0000005) at pc=0x00007ffee3ac4857]

VM state:not at safepoint (not fully initialized)

VM Mutex/Monitor currently owned by a thread:  ([mutex/lock_event])
[0x00000166385ca290] Heap_lock - owner thread: 0x00000166385ce800

Heap address: 0x0000000082000000, size: 2016 MB, Compressed Oops mode: Non-zero based: 0x0000000082000000
Narrow klass base: 0x0000000000000000, Narrow klass shift: 0

GC Heap History (0 events):
No events

Deoptimization events (0 events):
No events

Classes redefined (0 events):
No events

Internal exceptions (0 events):
No events

Events (0 events):
No events


Dynamic libraries:
0x00007ff76c690000 - 0x00007ff76c69f000 	C:\Program Files\Java\jdk-11.0.11\bin\java.exe
0x00007fff3ab40000 - 0x00007fff3ad47000 	C:\WINDOWS\SYSTEM32\ntdll.dll
0x00007fff39ee0000 - 0x00007fff39f9d000 	C:\WINDOWS\System32\KERNEL32.DLL
0x00007fff38410000 - 0x00007fff38784000 	C:\WINDOWS\System32\KERNELBASE.dll
0x00007fff38790000 - 0x00007fff388a1000 	C:\WINDOWS\System32\ucrtbase.dll
0x00007fff20d30000 - 0x00007fff20d45000 	C:\Program Files\Java\jdk-11.0.11\bin\VCRUNTIME140.dll
0x00007fff20d10000 - 0x00007fff20d28000 	C:\Program Files\Java\jdk-11.0.11\bin\jli.dll
0x00007fff39ab0000 - 0x00007fff39b5c000 	C:\WINDOWS\System32\ADVAPI32.dll
0x00007fff39fa0000 - 0x00007fff3a043000 	C:\WINDOWS\System32\msvcrt.dll
0x00007fff38f80000 - 0x00007fff3901d000 	C:\WINDOWS\System32\sechost.dll
0x00007fff38e50000 - 0x00007fff38f71000 	C:\WINDOWS\System32\RPCRT4.dll
0x00007fff3a390000 - 0x00007fff3a53c000 	C:\WINDOWS\System32\USER32.dll
0x00007fff382b0000 - 0x00007fff382d6000 	C:\WINDOWS\System32\win32u.dll
0x00007fff17e10000 - 0x00007fff180b5000 	C:\WINDOWS\WinSxS\amd64_microsoft.windows.common-controls_6595b64144ccf1df_6.0.22000.120_none_9d947278b86cc467\COMCTL32.dll
0x00007fff3aa60000 - 0x00007fff3aa89000 	C:\WINDOWS\System32\GDI32.dll
0x00007fff388b0000 - 0x00007fff389c2000 	C:\WINDOWS\System32\gdi32full.dll
0x00007fff38020000 - 0x00007fff380bd000 	C:\WINDOWS\System32\msvcp_win.dll
0x00007fff31750000 - 0x00007fff3175a000 	C:\WINDOWS\SYSTEM32\VERSION.dll
0x00007fff3a350000 - 0x00007fff3a381000 	C:\WINDOWS\System32\IMM32.DLL
0x00007fff0cc80000 - 0x00007fff0cd1b000 	C:\Program Files\Java\jdk-11.0.11\bin\msvcp140.dll
0x00007ffee37e0000 - 0x00007ffee42de000 	C:\Program Files\Java\jdk-11.0.11\bin\server\jvm.dll
0x00007fff39a40000 - 0x00007fff39a48000 	C:\WINDOWS\System32\PSAPI.DLL
0x00007fff0f4f0000 - 0x00007fff0f4f9000 	C:\WINDOWS\SYSTEM32\WSOCK32.dll
0x00007fff31690000 - 0x00007fff316c3000 	C:\WINDOWS\SYSTEM32\WINMM.dll
0x00007fff3a050000 - 0x00007fff3a0bf000 	C:\WINDOWS\System32\WS2_32.dll
0x00007fff37140000 - 0x00007fff37158000 	C:\WINDOWS\SYSTEM32\kernel.appcore.dll
0x00007fff32d20000 - 0x00007fff32d30000 	C:\Program Files\Java\jdk-11.0.11\bin\verify.dll
0x00007fff356e0000 - 0x00007fff35901000 	C:\WINDOWS\SYSTEM32\DBGHELP.DLL
0x00007fff20c90000 - 0x00007fff20cc1000 	C:\WINDOWS\SYSTEM32\dbgcore.DLL
0x00007fff38230000 - 0x00007fff382b0000 	C:\WINDOWS\System32\bcryptPrimitives.dll
0x00007fff1ff10000 - 0x00007fff1ff38000 	C:\Program Files\Java\jdk-11.0.11\bin\java.dll
0x00007fff32cb0000 - 0x00007fff32cba000 	C:\Program Files\Java\jdk-11.0.11\bin\jimage.dll
0x00007fff20060000 - 0x00007fff20076000 	C:\Program Files\Java\jdk-11.0.11\bin\zip.dll

dbghelp: loaded successfully - version: 4.0.5 - missing functions: none
symbol engine: initialized successfully - sym options: 0x614 - pdb path: .;C:\Program Files\Java\jdk-11.0.11\bin;C:\WINDOWS\SYSTEM32;C:\WINDOWS\WinSxS\amd64_microsoft.windows.common-controls_6595b64144ccf1df_6.0.22000.120_none_9d947278b86cc467;C:\Program Files\Java\jdk-11.0.11\bin\server

VM Arguments:
java_command: C:\Users\wssil\AppData\Local\Temp\surefire12477478897243978900\surefirebooter16578760900873165377.jar C:\Users\wssil\AppData\Local\Temp\surefire12477478897243978900 2021-11-09T00-08-45_667-jvmRun1 surefire7805385224125394980tmp surefire_010831483574522996993tmp
java_class_path (initial): C:\Users\wssil\AppData\Local\Temp\surefire12477478897243978900\surefirebooter16578760900873165377.jar
Launcher Type: SUN_STANDARD

[Global flags]
     intx CICompilerCount                          = 4                                         {product} {ergonomic}
     uint ConcGCThreads                            = 2                                         {product} {ergonomic}
     uint G1ConcRefinementThreads                  = 8                                         {product} {ergonomic}
   size_t G1HeapRegionSize                         = 1048576                                   {product} {ergonomic}
    uintx GCDrainStackTargetSize                   = 64                                        {product} {ergonomic}
   size_t InitialHeapSize                          = 132120576                                 {product} {ergonomic}
   size_t MarkStackSize                            = 4194304                                   {product} {ergonomic}
   size_t MaxHeapSize                              = 2113929216                                {product} {ergonomic}
   size_t MinHeapDeltaBytes                        = 1048576                                   {product} {ergonomic}
    uintx NonNMethodCodeHeapSize                   = 5836300                                {pd product} {ergonomic}
    uintx NonProfiledCodeHeapSize                  = 122910970                              {pd product} {ergonomic}
    uintx ProfiledCodeHeapSize                     = 122910970                              {pd product} {ergonomic}
    uintx ReservedCodeCacheSize                    = 251658240                              {pd product} {ergonomic}
     bool SegmentedCodeCache                       = true                                      {product} {ergonomic}
     bool UseCompressedClassPointers               = true                                 {lp64_product} {ergonomic}
     bool UseCompressedOops                        = true                                 {lp64_product} {ergonomic}
     bool UseG1GC                                  = true                                      {product} {ergonomic}
     bool UseLargePagesIndividualAllocation        = false                                  {pd product} {ergonomic}

Logging:
Log output configuration:
 #0: stdout all=warning uptime,level,tags
 #1: stderr all=off uptime,level,tags

Environment Variables:
JAVA_HOME=C:\Program Files\Java\jdk-11.0.11
PATH=C:\Program Files\Microsoft MPI\Bin\;C:\windows\system32;C:\windows;C:\windows\System32\Wbem;C:\windows\System32\WindowsPowerShell\v1.0\;C:\windows\System32\OpenSSH\;C:\Program Files (x86)\NVIDIA Corporation\PhysX\Common;C:\Program Files (x86)\Intel\Intel(R) Management Engine Components\DAL;C:\Program Files\Intel\Intel(R) Management Engine Components\DAL;C:\WINDOWS\system32;C:\WINDOWS;C:\WINDOWS\System32\Wbem;C:\WINDOWS\System32\WindowsPowerShell\v1.0\;C:\WINDOWS\System32\OpenSSH\;C:\Users\wssil\AppData\Roaming\nvm;C:\Program Files\nodejs;C:\ProgramData\chocolatey\bin;C:\Program Files\Java\jdk-11.0.11\bin;C:\Program Files\Git\cmd;C:\Program Files\Microsoft\Web Platform Installer\;C:\Program Files (x86)\Microsoft SQL Server\150\Tools\Binn\;C:\Program Files\Microsoft SQL Server\150\Tools\Binn\;C:\Program Files (x86)\Microsoft SQL Server\150\DTS\Binn\;C:\Program Files\Microsoft SQL Server\150\DTS\Binn\;C:\Program Files\Microsoft SQL Server\Client SDK\ODBC\170\Tools\Binn\;C:\Program Files\Azure Data Studio\bin;C:\Program Files\dotnet\;C:\Users\wssil\AppData\Local\Programs\Python\Python39\Scripts\;C:\Users\wssil\AppData\Local\Programs\Python\Python39\;C:\Program Files\MySQL\MySQL Shell 8.0\bin\;C:\Users\wssil\AppData\Local\Microsoft\WindowsApps;C:\Users\wssil\AppData\Local\Programs\Microsoft VS Code\bin;C:\Users\wssil\AppData\Roaming\nvm;C:\Program Files\nodejs;C:\Users\wssil\AppData\Local\Android\Sdk\platform-tools;C:\opt\apache-maven-3.8.1\bin;C:\opt\ffmpeg-4.4-full_build-shared\bin;;C:\Program Files\Azure Data Studio\bin;C:\Users\wssil\.dotnet\tools
USERNAME=wssil
OS=Windows_NT
PROCESSOR_IDENTIFIER=Intel64 Family 6 Model 142 Stepping 12, GenuineIntel



---------------  S Y S T E M  ---------------

OS: Windows 10 , 64 bit Build 22000 (10.0.22000.282)

CPU:total 8 (initial active 8) (4 cores per cpu, 2 threads per core) family 6 model 142 stepping 12 microcode 0xde, cmov, cx8, fxsr, mmx, sse, sse2, sse3, ssse3, sse4.1, sse4.2, popcnt, avx, avx2, aes, clmul, erms, 3dnowpref, lzcnt, ht, tsc, tscinvbit, bmi1, bmi2, adx, fma

Memory: 4k page, system-wide physical 8062M (922M free)
TotalPageFile size 8062M (AvailPageFile size 5M)
current process WorkingSet (physical memory assigned to process): 10M, peak: 10M
current process commit charge ("private bytes"): 60M, peak: 186M

vm_info: Java HotSpot(TM) 64-Bit Server VM (11.0.11+9-LTS-194) for windows-amd64 JRE (11.0.11+9-LTS-194), built on Mar 18 2021 18:46:53 by "mach5one" with MS VC++ 15.9 (VS2017)

END.
